2023-11-27 10:49:04.590 [main] INFO  ua.foxminded.skarb.utils.BaseTest - Create driver: Chrome
2023-11-27 10:49:04.707 [main] INFO  ua.foxminded.skarb.utils.BaseTest - Starting register a NGO
2023-11-27 10:49:09.175 [main] INFO  ua.foxminded.skarb.utils.BaseTest - NGO page was open
2023-11-27 10:49:09.280 [main] INFO  ua.foxminded.skarb.pages.NgoSignUpPage - Email was written: Ead.Ephm@example.com
2023-11-27 10:49:09.308 [main] INFO  ua.foxminded.skarb.pages.NgoSignUpPage - First name was written: Ead
2023-11-27 10:49:09.338 [main] INFO  ua.foxminded.skarb.pages.NgoSignUpPage - Last name was written: Ephm
2023-11-27 10:49:09.367 [main] INFO  ua.foxminded.skarb.pages.NgoSignUpPage - Sex:Male was chosen.
2023-11-27 10:49:09.432 [main] INFO  ua.foxminded.skarb.pages.NgoSignUpPage - Password & Confirmation were written
2023-11-27 10:49:09.462 [main] INFO  ua.foxminded.skarb.pages.NgoSignUpPage - Organization name was written: VVEVTE
2023-11-27 10:49:09.605 [main] INFO  ua.foxminded.skarb.pages.NgoSignUpPage - 'Programming' category was chosen
2023-11-27 10:49:09.636 [main] INFO  ua.foxminded.skarb.pages.NgoSignUpPage - Position: Manager was written.
2023-11-27 10:49:13.793 [main] INFO  ua.foxminded.skarb.pages.NgoSignUpPage - Sign Up button was clicked.
2023-11-27 10:49:13.794 [main] INFO  ua.foxminded.skarb.utils.BaseTest - NGO registration form was filled in
2023-11-27 10:49:16.441 [main] INFO  ua.foxminded.skarb.utils.BaseTest - Mail tab was open
2023-11-27 10:50:00.952 [main] INFO  ua.foxminded.skarb.utils.BaseTest - Driver found registration confirmation email
2023-11-27 10:50:00.991 [main] INFO  ua.foxminded.skarb.utils.BaseTest - Confirmation link was clicked
2023-11-27 10:50:01.013 [main] INFO  ua.foxminded.skarb.utils.BaseTest - Close driver
2023-11-27 10:51:45.962 [main] INFO  ua.foxminded.skarb.utils.BaseTest - Create driver: Chrome
2023-11-27 10:51:46.084 [main] INFO  ua.foxminded.skarb.utils.BaseTest - Starting register a NGO
2023-11-27 10:51:47.611 [main] INFO  ua.foxminded.skarb.utils.BaseTest - NGO page was open
2023-11-27 10:51:47.704 [main] INFO  ua.foxminded.skarb.pages.NgoSignUpPage - Email was written: Fdw.Unhr@example.com
2023-11-27 10:51:47.734 [main] INFO  ua.foxminded.skarb.pages.NgoSignUpPage - First name was written: Fdw
2023-11-27 10:51:47.762 [main] INFO  ua.foxminded.skarb.pages.NgoSignUpPage - Last name was written: Unhr
2023-11-27 10:51:47.790 [main] INFO  ua.foxminded.skarb.pages.NgoSignUpPage - Sex:Male was chosen.
2023-11-27 10:51:47.853 [main] INFO  ua.foxminded.skarb.pages.NgoSignUpPage - Password & Confirmation were written
2023-11-27 10:51:47.885 [main] INFO  ua.foxminded.skarb.pages.NgoSignUpPage - Organization name was written: FQLMKW
2023-11-27 10:51:48.029 [main] INFO  ua.foxminded.skarb.pages.NgoSignUpPage - 'Programming' category was chosen
2023-11-27 10:51:48.059 [main] INFO  ua.foxminded.skarb.pages.NgoSignUpPage - Position: Manager was written.
2023-11-27 10:51:49.036 [main] INFO  ua.foxminded.skarb.pages.NgoSignUpPage - Sign Up button was clicked.
2023-11-27 10:51:49.038 [main] INFO  ua.foxminded.skarb.utils.BaseTest - NGO registration form was filled in
2023-11-27 10:51:51.162 [main] INFO  ua.foxminded.skarb.utils.BaseTest - Mail tab was open
2023-11-27 10:52:00.206 [main] INFO  ua.foxminded.skarb.utils.BaseTest - Driver found registration confirmation email
2023-11-27 10:52:00.248 [main] INFO  ua.foxminded.skarb.utils.BaseTest - Confirmation link was clicked
2023-11-27 10:52:00.257 [main] INFO  ua.foxminded.skarb.utils.BaseTest - Close driver
2023-11-27 10:52:49.190 [main] INFO  ua.foxminded.skarb.utils.BaseTest - Create driver: Chrome
2023-11-27 10:52:49.300 [main] INFO  ua.foxminded.skarb.utils.BaseTest - Starting register a NGO
2023-11-27 10:52:50.821 [main] INFO  ua.foxminded.skarb.utils.BaseTest - NGO page was open
2023-11-27 10:52:50.914 [main] INFO  ua.foxminded.skarb.pages.NgoSignUpPage - Email was written: Fin.Ssvy@example.com
2023-11-27 10:52:50.944 [main] INFO  ua.foxminded.skarb.pages.NgoSignUpPage - First name was written: Fin
2023-11-27 10:52:50.973 [main] INFO  ua.foxminded.skarb.pages.NgoSignUpPage - Last name was written: Ssvy
2023-11-27 10:52:51.000 [main] INFO  ua.foxminded.skarb.pages.NgoSignUpPage - Sex:Male was chosen.
2023-11-27 10:52:51.065 [main] INFO  ua.foxminded.skarb.pages.NgoSignUpPage - Password & Confirmation were written
2023-11-27 10:52:51.096 [main] INFO  ua.foxminded.skarb.pages.NgoSignUpPage - Organization name was written: HEWDVD
2023-11-27 10:52:51.242 [main] INFO  ua.foxminded.skarb.pages.NgoSignUpPage - 'Programming' category was chosen
2023-11-27 10:52:51.271 [main] INFO  ua.foxminded.skarb.pages.NgoSignUpPage - Position: Manager was written.
2023-11-27 10:52:52.246 [main] INFO  ua.foxminded.skarb.pages.NgoSignUpPage - Sign Up button was clicked.
2023-11-27 10:52:52.247 [main] INFO  ua.foxminded.skarb.utils.BaseTest - NGO registration form was filled in
2023-11-27 10:52:54.342 [main] INFO  ua.foxminded.skarb.utils.BaseTest - Mail tab was open
2023-11-27 10:53:00.665 [main] INFO  ua.foxminded.skarb.utils.BaseTest - Driver found registration confirmation email
2023-11-27 10:53:00.721 [main] INFO  ua.foxminded.skarb.utils.BaseTest - Confirmation link was clicked
2023-11-27 10:53:00.732 [main] INFO  ua.foxminded.skarb.utils.BaseTest - Close driver
2023-11-27 11:00:06.390 [main] INFO  ua.foxminded.skarb.utils.BaseTest - Create driver: Chrome
2023-11-27 11:00:06.504 [main] INFO  ua.foxminded.skarb.utils.BaseTest - Starting register a Partner
2023-11-27 11:00:08.185 [main] INFO  ua.foxminded.skarb.utils.BaseTest - Page was opened
2023-11-27 11:00:10.624 [main] INFO  ua.foxminded.skarb.pages.PartnersSignUpPage - Email was written: Uehzx.Dgjoir@skarb.ngo
2023-11-27 11:00:10.654 [main] INFO  ua.foxminded.skarb.pages.PartnersSignUpPage - First name was written: Uehzx
2023-11-27 11:00:10.683 [main] INFO  ua.foxminded.skarb.pages.PartnersSignUpPage - Last name was written: Dgjoir
2023-11-27 11:00:10.708 [main] INFO  ua.foxminded.skarb.pages.PartnersSignUpPage - Sex:Female was chosen.
2023-11-27 11:00:10.770 [main] INFO  ua.foxminded.skarb.pages.PartnersSignUpPage - Password & Confirmation were written.
2023-11-27 11:00:10.798 [main] INFO  ua.foxminded.skarb.pages.PartnersSignUpPage - Organization name was written: LEWB
2023-11-27 11:00:10.950 [main] INFO  ua.foxminded.skarb.pages.PartnersSignUpPage - 'Programming' category was chosen.
2023-11-27 11:00:10.979 [main] INFO  ua.foxminded.skarb.pages.PartnersSignUpPage - Position: Manager was written.
2023-11-27 11:00:12.077 [main] INFO  ua.foxminded.skarb.pages.PartnersSignUpPage - Sign Up button was clicked
2023-11-27 11:00:12.078 [main] INFO  ua.foxminded.skarb.utils.BaseTest - Partners registration form was filled in
2023-11-27 11:00:14.215 [main] INFO  ua.foxminded.skarb.utils.BaseTest - Mail tab was open
2023-11-27 11:00:27.056 [main] INFO  ua.foxminded.skarb.utils.BaseTest - Close driver
2023-11-27 11:01:34.404 [main] INFO  ua.foxminded.skarb.utils.BaseTest - Create driver: Chrome
2023-11-27 11:01:34.521 [main] INFO  ua.foxminded.skarb.utils.BaseTest - Starting register a Partner
2023-11-27 11:01:37.889 [main] INFO  ua.foxminded.skarb.utils.BaseTest - Page was opened
2023-11-27 11:01:38.979 [main] INFO  ua.foxminded.skarb.utils.BaseTest - Close driver
2023-11-27 11:02:38.017 [main] INFO  ua.foxminded.skarb.utils.BaseTest - Create driver: Chrome
2023-11-27 11:02:38.133 [main] INFO  ua.foxminded.skarb.utils.BaseTest - Starting register a Partner
2023-11-27 11:02:39.789 [main] INFO  ua.foxminded.skarb.utils.BaseTest - Page was opened
2023-11-27 11:02:43.546 [main] INFO  ua.foxminded.skarb.pages.PartnersSignUpPage - Email was written: Xrche.Ysoaen@skarb.ngo
2023-11-27 11:02:43.576 [main] INFO  ua.foxminded.skarb.pages.PartnersSignUpPage - First name was written: Xrche
2023-11-27 11:02:43.606 [main] INFO  ua.foxminded.skarb.pages.PartnersSignUpPage - Last name was written: Ysoaen
2023-11-27 11:02:43.632 [main] INFO  ua.foxminded.skarb.pages.PartnersSignUpPage - Sex:Female was chosen.
2023-11-27 11:02:43.694 [main] INFO  ua.foxminded.skarb.pages.PartnersSignUpPage - Password & Confirmation were written.
2023-11-27 11:02:43.724 [main] INFO  ua.foxminded.skarb.pages.PartnersSignUpPage - Organization name was written: UCEU
2023-11-27 11:02:43.870 [main] INFO  ua.foxminded.skarb.pages.PartnersSignUpPage - 'Programming' category was chosen.
2023-11-27 11:02:43.900 [main] INFO  ua.foxminded.skarb.pages.PartnersSignUpPage - Position: Manager was written.
2023-11-27 11:02:44.839 [main] INFO  ua.foxminded.skarb.pages.PartnersSignUpPage - Sign Up button was clicked
2023-11-27 11:02:44.840 [main] INFO  ua.foxminded.skarb.utils.BaseTest - Partners registration form was filled in
2023-11-27 11:02:46.961 [main] INFO  ua.foxminded.skarb.utils.BaseTest - Mail tab was open
2023-11-27 11:03:02.589 [main] INFO  ua.foxminded.skarb.utils.BaseTest - Driver found registration confirmation email
2023-11-27 11:03:02.625 [main] INFO  ua.foxminded.skarb.utils.BaseTest - Confirmation link was clicked
2023-11-27 11:03:05.310 [main] INFO  ua.foxminded.skarb.utils.BaseTest - Your email was confirmed. Congratulation!
2023-11-27 11:03:05.312 [main] INFO  ua.foxminded.skarb.utils.BaseTest - Close driver
2023-11-27 11:03:55.216 [main] INFO  ua.foxminded.skarb.utils.BaseTest - Create driver: Chrome
2023-11-27 11:03:55.333 [main] INFO  ua.foxminded.skarb.utils.BaseTest - Starting register a Volunteer
2023-11-27 11:03:58.036 [main] INFO  ua.foxminded.skarb.utils.BaseTest - Volunteer page was open
2023-11-27 11:03:58.140 [main] INFO  ua.foxminded.skarb.pages.VolunteersSignUpPage - First name was written: Tml
2023-11-27 11:03:58.171 [main] INFO  ua.foxminded.skarb.pages.VolunteersSignUpPage - Last name was written: Rndh
2023-11-27 11:03:58.206 [main] INFO  ua.foxminded.skarb.pages.VolunteersSignUpPage - Email was written: Tml.Rndh@example.com
2023-11-27 11:03:58.269 [main] INFO  ua.foxminded.skarb.pages.VolunteersSignUpPage - Password & Confirmation were written
2023-11-27 11:03:58.402 [main] INFO  ua.foxminded.skarb.pages.VolunteersSignUpPage - 'Programming' category was chosen
2023-11-27 11:04:00.542 [main] INFO  ua.foxminded.skarb.pages.VolunteersSignUpPage - Sign Up button was clicked.
2023-11-27 11:04:00.578 [main] INFO  ua.foxminded.skarb.utils.BaseTest - Close driver
2023-11-27 11:04:42.082 [main] INFO  ua.foxminded.skarb.utils.BaseTest - Create driver: Chrome
2023-11-27 11:04:42.195 [main] INFO  ua.foxminded.skarb.utils.BaseTest - Starting register a NGO
2023-11-27 11:04:44.501 [main] INFO  ua.foxminded.skarb.utils.BaseTest - NGO page was open
2023-11-27 11:04:44.612 [main] INFO  ua.foxminded.skarb.pages.NgoSignUpPage - Email was written: Bim.Migm@example.com
2023-11-27 11:04:44.642 [main] INFO  ua.foxminded.skarb.pages.NgoSignUpPage - First name was written: Bim
2023-11-27 11:04:44.672 [main] INFO  ua.foxminded.skarb.pages.NgoSignUpPage - Last name was written: Migm
2023-11-27 11:04:44.701 [main] INFO  ua.foxminded.skarb.pages.NgoSignUpPage - Sex:Male was chosen.
2023-11-27 11:04:44.763 [main] INFO  ua.foxminded.skarb.pages.NgoSignUpPage - Password & Confirmation were written
2023-11-27 11:04:44.793 [main] INFO  ua.foxminded.skarb.pages.NgoSignUpPage - Organization name was written: CTDETH
2023-11-27 11:04:44.938 [main] INFO  ua.foxminded.skarb.pages.NgoSignUpPage - 'Programming' category was chosen
2023-11-27 11:04:44.968 [main] INFO  ua.foxminded.skarb.pages.NgoSignUpPage - Position: Manager was written.
2023-11-27 11:04:46.886 [main] INFO  ua.foxminded.skarb.pages.NgoSignUpPage - Sign Up button was clicked.
2023-11-27 11:04:46.887 [main] INFO  ua.foxminded.skarb.utils.BaseTest - NGO registration form was filled in
2023-11-27 11:04:49.024 [main] INFO  ua.foxminded.skarb.utils.BaseTest - Mail tab was open
2023-11-27 11:05:00.165 [main] INFO  ua.foxminded.skarb.utils.BaseTest - Driver found registration confirmation email
2023-11-27 11:05:03.265 [main] INFO  ua.foxminded.skarb.utils.BaseTest - Confirmation link was clicked
2023-11-27 11:05:06.167 [main] INFO  ua.foxminded.skarb.utils.BaseTest - Your email was confirmed. Congratulation!
2023-11-27 11:05:12.137 [main] INFO  ua.foxminded.skarb.utils.BaseTest - Close driver
2023-11-27 11:08:08.226 [main] INFO  ua.foxminded.skarb.utils.BaseTest - Create driver: Chrome
2023-11-27 11:08:08.340 [main] INFO  ua.foxminded.skarb.utils.BaseTest - Starting register a NGO
2023-11-27 11:08:11.122 [main] INFO  ua.foxminded.skarb.utils.BaseTest - NGO page was open
2023-11-27 11:08:11.220 [main] INFO  ua.foxminded.skarb.pages.NgoSignUpPage - Email was written: Nof.Vqen@example.com
2023-11-27 11:08:11.249 [main] INFO  ua.foxminded.skarb.pages.NgoSignUpPage - First name was written: Nof
2023-11-27 11:08:11.277 [main] INFO  ua.foxminded.skarb.pages.NgoSignUpPage - Last name was written: Vqen
2023-11-27 11:08:11.305 [main] INFO  ua.foxminded.skarb.pages.NgoSignUpPage - Sex:Male was chosen.
2023-11-27 11:08:11.368 [main] INFO  ua.foxminded.skarb.pages.NgoSignUpPage - Password & Confirmation were written
2023-11-27 11:08:11.398 [main] INFO  ua.foxminded.skarb.pages.NgoSignUpPage - Organization name was written: ENOGWE
2023-11-27 11:08:11.541 [main] INFO  ua.foxminded.skarb.pages.NgoSignUpPage - 'Programming' category was chosen
2023-11-27 11:08:11.572 [main] INFO  ua.foxminded.skarb.pages.NgoSignUpPage - Position: Manager was written.
2023-11-27 11:08:13.881 [main] INFO  ua.foxminded.skarb.pages.NgoSignUpPage - Sign Up button was clicked.
2023-11-27 11:08:13.883 [main] INFO  ua.foxminded.skarb.utils.BaseTest - NGO registration form was filled in
2023-11-27 11:08:16.014 [main] INFO  ua.foxminded.skarb.utils.BaseTest - Mail tab was open
2023-11-27 11:09:03.164 [main] INFO  ua.foxminded.skarb.utils.BaseTest - Driver found registration confirmation email
2023-11-27 11:09:06.243 [main] INFO  ua.foxminded.skarb.utils.BaseTest - Confirmation link was clicked
2023-11-27 11:09:11.319 [main] INFO  ua.foxminded.skarb.utils.BaseTest - Your email was confirmed. Congratulation!
2023-11-27 11:09:17.349 [main] INFO  ua.foxminded.skarb.utils.BaseTest - Close driver
2023-11-27 11:18:23.307 [main] INFO  ua.foxminded.skarb.tests.NgoRegistrationTest - Create driver: Chrome
2023-11-27 11:18:23.422 [main] INFO  ua.foxminded.skarb.tests.NgoRegistrationTest - Starting register a NGO
2023-11-27 11:18:26.048 [main] INFO  ua.foxminded.skarb.tests.NgoRegistrationTest - NGO page was open
2023-11-27 11:18:26.204 [main] INFO  ua.foxminded.skarb.pages.NgoSignUpPage - Email was written: Zpy.Dvpd@example.com
2023-11-27 11:18:26.233 [main] INFO  ua.foxminded.skarb.pages.NgoSignUpPage - First name was written: Zpy
2023-11-27 11:18:26.268 [main] INFO  ua.foxminded.skarb.pages.NgoSignUpPage - Last name was written: Dvpd
2023-11-27 11:18:26.299 [main] INFO  ua.foxminded.skarb.pages.NgoSignUpPage - Sex:Male was chosen.
2023-11-27 11:18:26.359 [main] INFO  ua.foxminded.skarb.pages.NgoSignUpPage - Password & Confirmation were written
2023-11-27 11:18:26.389 [main] INFO  ua.foxminded.skarb.pages.NgoSignUpPage - Organization name was written: MNWWKS
2023-11-27 11:18:26.532 [main] INFO  ua.foxminded.skarb.pages.NgoSignUpPage - 'Programming' category was chosen
2023-11-27 11:18:26.561 [main] INFO  ua.foxminded.skarb.pages.NgoSignUpPage - Position: Manager was written.
2023-11-27 11:18:28.879 [main] INFO  ua.foxminded.skarb.pages.NgoSignUpPage - Sign Up button was clicked.
2023-11-27 11:18:28.880 [main] INFO  ua.foxminded.skarb.tests.NgoRegistrationTest - NGO registration form was filled in
2023-11-27 11:18:30.995 [main] INFO  ua.foxminded.skarb.pages.CongratsNgoPage - Mail tab was open
2023-11-27 11:19:03.260 [main] INFO  ua.foxminded.skarb.pages.MailHogPage - Driver found registration confirmation email
2023-11-27 11:19:06.344 [main] INFO  ua.foxminded.skarb.pages.MailHogPage - Confirmation link was clicked
2023-11-27 11:19:11.362 [main] INFO  ua.foxminded.skarb.tests.NgoRegistrationTest - Close driver
2023-11-27 11:36:33.110 [main] INFO  ua.foxminded.skarb.tests.NgoRegistrationTest - Create driver: Chrome
2023-11-27 11:36:33.231 [main] INFO  ua.foxminded.skarb.tests.NgoRegistrationTest - Starting register a NGO
2023-11-27 11:36:35.317 [main] INFO  ua.foxminded.skarb.tests.NgoRegistrationTest - NGO page was open
2023-11-27 11:36:35.429 [main] INFO  ua.foxminded.skarb.pages.NgoSignUpPage - Email was written: Knq.Opdo@example.com
2023-11-27 11:36:35.457 [main] INFO  ua.foxminded.skarb.pages.NgoSignUpPage - First name was written: Knq
2023-11-27 11:36:35.486 [main] INFO  ua.foxminded.skarb.pages.NgoSignUpPage - Last name was written: Opdo
2023-11-27 11:36:35.515 [main] INFO  ua.foxminded.skarb.pages.NgoSignUpPage - Sex:Male was chosen.
2023-11-27 11:36:35.582 [main] INFO  ua.foxminded.skarb.pages.NgoSignUpPage - Password & Confirmation were written
2023-11-27 11:36:35.615 [main] INFO  ua.foxminded.skarb.pages.NgoSignUpPage - Organization name was written: IQNMPM
2023-11-27 11:36:35.755 [main] INFO  ua.foxminded.skarb.pages.NgoSignUpPage - 'Programming' category was chosen
2023-11-27 11:36:35.785 [main] INFO  ua.foxminded.skarb.pages.NgoSignUpPage - Position: Manager was written.
2023-11-27 11:36:37.908 [main] INFO  ua.foxminded.skarb.pages.NgoSignUpPage - Sign Up button was clicked.
2023-11-27 11:36:37.909 [main] INFO  ua.foxminded.skarb.tests.NgoRegistrationTest - NGO registration form was filled in
2023-11-27 11:36:40.468 [main] INFO  ua.foxminded.skarb.pages.CongratsNgoPage - Mail tab was open
2023-11-27 11:37:00.238 [main] INFO  ua.foxminded.skarb.pages.MailHogPage - Driver found registration confirmation email
2023-11-27 11:37:00.282 [main] INFO  ua.foxminded.skarb.pages.MailHogPage - Confirmation link was clicked
2023-11-27 11:37:00.323 [main] INFO  ua.foxminded.skarb.tests.NgoRegistrationTest - Close driver
2023-11-27 14:30:56.697 [main] INFO  ua.foxminded.skarb.tests.NgoRegistrationTest - Create driver: Chrome
2023-11-27 14:30:56.824 [main] INFO  ua.foxminded.skarb.tests.NgoRegistrationTest - Starting register a NGO
2023-11-27 14:30:58.455 [main] INFO  ua.foxminded.skarb.tests.NgoRegistrationTest - NGO page was open
2023-11-27 14:30:58.607 [main] INFO  ua.foxminded.skarb.pages.NgoSignUpPage - Email was written: Bfm.Xsbd@example.com
2023-11-27 14:30:58.635 [main] INFO  ua.foxminded.skarb.pages.NgoSignUpPage - First name was written: Bfm
2023-11-27 14:30:58.663 [main] INFO  ua.foxminded.skarb.pages.NgoSignUpPage - Last name was written: Xsbd
2023-11-27 14:30:58.691 [main] INFO  ua.foxminded.skarb.pages.NgoSignUpPage - Sex:Male was chosen.
2023-11-27 14:30:58.753 [main] INFO  ua.foxminded.skarb.pages.NgoSignUpPage - Password & Confirmation were written
2023-11-27 14:30:58.783 [main] INFO  ua.foxminded.skarb.pages.NgoSignUpPage - Organization name was written: HHOVUE
2023-11-27 14:30:58.924 [main] INFO  ua.foxminded.skarb.pages.NgoSignUpPage - 'Programming' category was chosen
2023-11-27 14:30:58.953 [main] INFO  ua.foxminded.skarb.pages.NgoSignUpPage - Position: Manager was written.
2023-11-27 14:30:59.910 [main] INFO  ua.foxminded.skarb.pages.NgoSignUpPage - Sign Up button was clicked.
2023-11-27 14:30:59.911 [main] INFO  ua.foxminded.skarb.tests.NgoRegistrationTest - NGO registration form was filled in
2023-11-27 14:31:02.154 [main] INFO  ua.foxminded.skarb.pages.CongratsNgoPage - Mail tab was open
2023-11-27 14:31:04.233 [main] INFO  ua.foxminded.skarb.pages.MailHogPage - Driver found registration confirmation email
2023-11-27 14:31:04.288 [main] INFO  ua.foxminded.skarb.pages.MailHogPage - Confirmation link was clicked
2023-11-27 14:31:05.494 [main] INFO  ua.foxminded.skarb.tests.NgoRegistrationTest - Your email was confirmed. Congratulation!
2023-11-27 14:31:10.717 [main] INFO  ua.foxminded.skarb.tests.NgoRegistrationTest - Close driver
2023-11-27 14:37:50.989 [main] INFO  ua.foxminded.skarb.tests.NgoRegistrationTest - Create driver: Chrome
2023-11-27 14:37:51.106 [main] INFO  ua.foxminded.skarb.tests.NgoRegistrationTest - Starting register a NGO
2023-11-27 14:37:52.672 [main] INFO  ua.foxminded.skarb.tests.NgoRegistrationTest - NGO page was open
2023-11-27 14:37:52.770 [main] INFO  ua.foxminded.skarb.pages.NgoSignUpPage - Email was written: Xxb.Vlvf@example.com
2023-11-27 14:37:52.804 [main] INFO  ua.foxminded.skarb.pages.NgoSignUpPage - First name was written: Xxb
2023-11-27 14:37:52.830 [main] INFO  ua.foxminded.skarb.pages.NgoSignUpPage - Last name was written: Vlvf
2023-11-27 14:37:52.858 [main] INFO  ua.foxminded.skarb.pages.NgoSignUpPage - Sex:Male was chosen.
2023-11-27 14:37:52.921 [main] INFO  ua.foxminded.skarb.pages.NgoSignUpPage - Password & Confirmation were written
2023-11-27 14:37:52.952 [main] INFO  ua.foxminded.skarb.pages.NgoSignUpPage - Organization name was written: FQSCUA
2023-11-27 14:37:53.095 [main] INFO  ua.foxminded.skarb.pages.NgoSignUpPage - 'Programming' category was chosen
2023-11-27 14:37:53.125 [main] INFO  ua.foxminded.skarb.pages.NgoSignUpPage - Position: Manager was written.
2023-11-27 14:37:54.123 [main] INFO  ua.foxminded.skarb.pages.NgoSignUpPage - Sign Up button was clicked.
2023-11-27 14:37:54.125 [main] INFO  ua.foxminded.skarb.tests.NgoRegistrationTest - NGO registration form was filled in
2023-11-27 14:37:56.279 [main] INFO  ua.foxminded.skarb.pages.CongratsNgoPage - Mail tab was open
2023-11-27 14:38:00.176 [main] INFO  ua.foxminded.skarb.pages.MailHogPage - Driver found registration confirmation email
2023-11-27 14:38:00.234 [main] INFO  ua.foxminded.skarb.pages.MailHogPage - Confirmation link was clicked
2023-11-27 14:38:01.436 [main] INFO  ua.foxminded.skarb.tests.NgoRegistrationTest - Your email was confirmed. Congratulation!
2023-11-27 14:38:06.655 [main] INFO  ua.foxminded.skarb.tests.NgoRegistrationTest - Close driver
2023-11-27 14:42:17.488 [main] INFO  ua.foxminded.skarb.tests.NgoRegistrationTest - Create driver: Chrome
2023-11-27 14:42:17.619 [main] INFO  ua.foxminded.skarb.tests.NgoRegistrationTest - Starting register a NGO
2023-11-27 14:42:19.352 [main] INFO  ua.foxminded.skarb.tests.NgoRegistrationTest - NGO page was open
2023-11-27 14:42:19.443 [main] INFO  ua.foxminded.skarb.pages.NgoSignUpPage - Email was written: Bcs.Ipxl@example.com
2023-11-27 14:42:19.473 [main] INFO  ua.foxminded.skarb.pages.NgoSignUpPage - First name was written: Bcs
2023-11-27 14:42:19.502 [main] INFO  ua.foxminded.skarb.pages.NgoSignUpPage - Last name was written: Ipxl
2023-11-27 14:42:19.531 [main] INFO  ua.foxminded.skarb.pages.NgoSignUpPage - Sex:Male was chosen.
2023-11-27 14:42:19.596 [main] INFO  ua.foxminded.skarb.pages.NgoSignUpPage - Password & Confirmation were written
2023-11-27 14:42:19.628 [main] INFO  ua.foxminded.skarb.pages.NgoSignUpPage - Organization name was written: TSWPUT
2023-11-27 14:42:19.772 [main] INFO  ua.foxminded.skarb.pages.NgoSignUpPage - 'Programming' category was chosen
2023-11-27 14:42:19.803 [main] INFO  ua.foxminded.skarb.pages.NgoSignUpPage - Position: Manager was written.
2023-11-27 14:42:21.297 [main] INFO  ua.foxminded.skarb.pages.NgoSignUpPage - Sign Up button was clicked.
2023-11-27 14:42:21.298 [main] INFO  ua.foxminded.skarb.tests.NgoRegistrationTest - NGO registration form was filled in
2023-11-27 14:42:23.535 [main] INFO  ua.foxminded.skarb.pages.CongratsNgoPage - Mail tab was open
2023-11-27 14:43:00.195 [main] INFO  ua.foxminded.skarb.pages.MailHogPage - Driver found registration confirmation email
2023-11-27 14:43:00.230 [main] INFO  ua.foxminded.skarb.pages.MailHogPage - Confirmation link was clicked
2023-11-27 14:43:01.853 [main] INFO  ua.foxminded.skarb.tests.NgoRegistrationTest - Your email was confirmed. Congratulation!
2023-11-27 14:43:07.459 [main] INFO  ua.foxminded.skarb.tests.NgoRegistrationTest - Close driver
2023-11-27 14:48:44.511 [main] INFO  ua.foxminded.skarb.tests.NgoRegistrationTest - Create driver: Chrome
2023-11-27 14:48:44.930 [main] INFO  ua.foxminded.skarb.tests.NgoRegistrationTest - Starting register a NGO
2023-11-27 14:48:46.456 [main] INFO  ua.foxminded.skarb.tests.NgoRegistrationTest - NGO page was open
2023-11-27 14:48:46.551 [main] INFO  ua.foxminded.skarb.pages.NgoSignUpPage - Email was written: Vjng.Esvm@example.com
2023-11-27 14:48:46.581 [main] INFO  ua.foxminded.skarb.pages.NgoSignUpPage - First name was written: Vjng
2023-11-27 14:48:46.609 [main] INFO  ua.foxminded.skarb.pages.NgoSignUpPage - Last name was written: Esvm
2023-11-27 14:48:46.641 [main] INFO  ua.foxminded.skarb.pages.NgoSignUpPage - Sex:Male was chosen.
2023-11-27 14:48:46.702 [main] INFO  ua.foxminded.skarb.pages.NgoSignUpPage - Password & Confirmation were written
2023-11-27 14:48:46.736 [main] INFO  ua.foxminded.skarb.pages.NgoSignUpPage - Organization name was written: LYRXYV
2023-11-27 14:48:46.875 [main] INFO  ua.foxminded.skarb.pages.NgoSignUpPage - 'Programming' category was chosen
2023-11-27 14:48:46.905 [main] INFO  ua.foxminded.skarb.pages.NgoSignUpPage - Position: Manager was written.
2023-11-27 14:48:47.848 [main] INFO  ua.foxminded.skarb.pages.NgoSignUpPage - Sign Up button was clicked.
2023-11-27 14:48:47.849 [main] INFO  ua.foxminded.skarb.tests.NgoRegistrationTest - NGO registration form was filled in
2023-11-27 14:48:50.107 [main] INFO  ua.foxminded.skarb.pages.CongratsNgoPage - Mail tab was open
2023-11-27 14:49:00.124 [main] INFO  ua.foxminded.skarb.pages.MailHogPage - Driver found registration confirmation email
2023-11-27 14:49:00.177 [main] INFO  ua.foxminded.skarb.pages.MailHogPage - Confirmation link was clicked
2023-11-27 14:49:01.402 [main] INFO  ua.foxminded.skarb.tests.NgoRegistrationTest - Your email was confirmed. Congratulation!
2023-11-27 14:49:10.007 [main] INFO  ua.foxminded.skarb.tests.NgoRegistrationTest - Close driver
2023-11-27 14:51:07.355 [main] INFO  ua.foxminded.skarb.tests.NgoRegistrationTest - Create driver: Chrome
2023-11-27 14:51:07.771 [main] INFO  ua.foxminded.skarb.tests.NgoRegistrationTest - Starting register a NGO
2023-11-27 14:51:11.281 [main] INFO  ua.foxminded.skarb.tests.NgoRegistrationTest - NGO page was open
2023-11-27 14:51:11.381 [main] INFO  ua.foxminded.skarb.pages.NgoSignUpPage - Email was written: Lqez.Tzwm@example.com
2023-11-27 14:51:11.412 [main] INFO  ua.foxminded.skarb.pages.NgoSignUpPage - First name was written: Lqez
2023-11-27 14:51:11.440 [main] INFO  ua.foxminded.skarb.pages.NgoSignUpPage - Last name was written: Tzwm
2023-11-27 14:51:11.469 [main] INFO  ua.foxminded.skarb.pages.NgoSignUpPage - Sex:Male was chosen.
2023-11-27 14:51:11.531 [main] INFO  ua.foxminded.skarb.pages.NgoSignUpPage - Password & Confirmation were written
2023-11-27 14:51:11.564 [main] INFO  ua.foxminded.skarb.pages.NgoSignUpPage - Organization name was written: ZQLMTQ
2023-11-27 14:51:11.703 [main] INFO  ua.foxminded.skarb.pages.NgoSignUpPage - 'Programming' category was chosen
2023-11-27 14:51:11.733 [main] INFO  ua.foxminded.skarb.pages.NgoSignUpPage - Position: Manager was written.
2023-11-27 14:51:14.226 [main] INFO  ua.foxminded.skarb.pages.NgoSignUpPage - Sign Up button was clicked.
2023-11-27 14:51:14.228 [main] INFO  ua.foxminded.skarb.tests.NgoRegistrationTest - NGO registration form was filled in
2023-11-27 14:51:16.454 [main] INFO  ua.foxminded.skarb.pages.CongratsNgoPage - Mail tab was open
2023-11-27 14:52:03.154 [main] INFO  ua.foxminded.skarb.pages.MailHogPage - Driver found registration confirmation email
2023-11-27 14:52:03.191 [main] INFO  ua.foxminded.skarb.pages.MailHogPage - Confirmation link was clicked
2023-11-27 14:52:04.771 [main] INFO  ua.foxminded.skarb.tests.NgoRegistrationTest - Your email was confirmed. Congratulation!
2023-11-27 14:52:10.177 [main] INFO  ua.foxminded.skarb.tests.NgoRegistrationTest - Close driver
2023-11-27 15:00:43.719 [main] INFO  ua.foxminded.skarb.tests.NgoRegistrationTest - Create driver: Chrome
2023-11-27 15:00:43.837 [main] INFO  ua.foxminded.skarb.tests.NgoRegistrationTest - Starting register a NGO
2023-11-27 15:00:45.713 [main] INFO  ua.foxminded.skarb.tests.NgoRegistrationTest - NGO page was open
2023-11-27 15:00:45.803 [main] INFO  ua.foxminded.skarb.pages.NgoSignUpPage - Email was written: Anjm.Szvn@example.com
2023-11-27 15:00:45.833 [main] INFO  ua.foxminded.skarb.pages.NgoSignUpPage - First name was written: Anjm
2023-11-27 15:00:45.863 [main] INFO  ua.foxminded.skarb.pages.NgoSignUpPage - Last name was written: Szvn
2023-11-27 15:00:45.891 [main] INFO  ua.foxminded.skarb.pages.NgoSignUpPage - Sex:Male was chosen.
2023-11-27 15:00:45.957 [main] INFO  ua.foxminded.skarb.pages.NgoSignUpPage - Password & Confirmation were written
2023-11-27 15:00:45.988 [main] INFO  ua.foxminded.skarb.pages.NgoSignUpPage - Organization name was written: XQUXOG
2023-11-27 15:00:46.132 [main] INFO  ua.foxminded.skarb.pages.NgoSignUpPage - 'Programming' category was chosen
2023-11-27 15:00:46.163 [main] INFO  ua.foxminded.skarb.pages.NgoSignUpPage - Position: Manager was written.
2023-11-27 15:00:47.788 [main] INFO  ua.foxminded.skarb.pages.NgoSignUpPage - Sign Up button was clicked.
2023-11-27 15:00:47.790 [main] INFO  ua.foxminded.skarb.tests.NgoRegistrationTest - NGO registration form was filled in
2023-11-27 15:00:50.313 [main] INFO  ua.foxminded.skarb.pages.CongratsNgoPage - Mail tab was open
2023-11-27 15:01:00.392 [main] INFO  ua.foxminded.skarb.pages.MailHogPage - Driver found registration confirmation email
2023-11-27 15:01:00.487 [main] INFO  ua.foxminded.skarb.pages.MailHogPage - Confirmation link was clicked
2023-11-27 15:01:03.070 [main] INFO  ua.foxminded.skarb.tests.NgoRegistrationTest - Your email was confirmed. Congratulation!
2023-11-27 15:01:10.669 [main] INFO  ua.foxminded.skarb.tests.NgoRegistrationTest - Close driver
2023-11-27 15:16:45.067 [main] INFO  ua.foxminded.skarb.tests.NgoRegistrationTest - Create driver: Chrome
2023-11-27 15:16:45.182 [main] INFO  ua.foxminded.skarb.tests.NgoRegistrationTest - Starting register a NGO
2023-11-27 15:16:47.945 [main] INFO  ua.foxminded.skarb.tests.NgoRegistrationTest - NGO page was open
2023-11-27 15:16:48.069 [main] INFO  ua.foxminded.skarb.tests.NgoRegistrationTest - Close driver
2023-11-27 15:20:28.296 [main] INFO  ua.foxminded.skarb.tests.NgoRegistrationTest - Create driver: Chrome
2023-11-27 15:20:28.410 [main] INFO  ua.foxminded.skarb.tests.NgoRegistrationTest - Starting register a NGO
2023-11-27 15:20:31.184 [main] INFO  ua.foxminded.skarb.tests.NgoRegistrationTest - NGO page was open
2023-11-27 15:20:31.283 [main] INFO  ua.foxminded.skarb.utils.BaseTest - Email was written: Igof.Ttzb@example.com
2023-11-27 15:20:31.312 [main] INFO  ua.foxminded.skarb.utils.BaseTest - First name was written: Igof
2023-11-27 15:20:31.341 [main] INFO  ua.foxminded.skarb.utils.BaseTest - Last name was written: Ttzb
2023-11-27 15:20:31.369 [main] INFO  ua.foxminded.skarb.utils.BaseTest - Sex:Male was chosen.
2023-11-27 15:20:31.431 [main] INFO  ua.foxminded.skarb.utils.BaseTest - Password & Confirmation were written
2023-11-27 15:20:31.462 [main] INFO  ua.foxminded.skarb.utils.BaseTest - Organization name was written: QHEFAW
2023-11-27 15:20:31.604 [main] INFO  ua.foxminded.skarb.utils.BaseTest - 'Programming' category was chosen
2023-11-27 15:20:31.633 [main] INFO  ua.foxminded.skarb.utils.BaseTest - Position: Manager was written.
2023-11-27 15:20:33.831 [main] INFO  ua.foxminded.skarb.utils.BaseTest - Sign Up button was clicked.
2023-11-27 15:20:33.833 [main] INFO  ua.foxminded.skarb.tests.NgoRegistrationTest - NGO registration form was filled in
2023-11-27 15:20:36.501 [main] INFO  ua.foxminded.skarb.pages.CongratsNgoPage - Mail tab was open
2023-11-27 15:21:01.213 [main] INFO  ua.foxminded.skarb.pages.MailHogPage - Driver found registration confirmation email
2023-11-27 15:21:01.501 [main] INFO  ua.foxminded.skarb.pages.MailHogPage - Confirmation link was clicked
2023-11-27 15:21:03.331 [main] INFO  ua.foxminded.skarb.tests.NgoRegistrationTest - Your email was confirmed. Congratulation!
2023-11-27 15:21:08.736 [main] INFO  ua.foxminded.skarb.tests.NgoRegistrationTest - Close driver
2023-11-27 15:36:20.146 [main] INFO  ua.foxminded.skarb.tests.NgoRegistrationTest - Create driver: Chrome
2023-11-27 15:36:20.560 [main] INFO  ua.foxminded.skarb.tests.NgoRegistrationTest - Starting register a NGO
2023-11-27 15:36:22.564 [main] INFO  ua.foxminded.skarb.tests.NgoRegistrationTest - NGO page was open
2023-11-27 15:36:22.663 [main] INFO  ua.foxminded.skarb.pages.NgoSignUpPage - Email was written: Qhyc.Lnui@example.com
2023-11-27 15:36:22.692 [main] INFO  ua.foxminded.skarb.pages.NgoSignUpPage - First name was written: Qhyc
2023-11-27 15:36:22.721 [main] INFO  ua.foxminded.skarb.pages.NgoSignUpPage - Last name was written: Lnui
2023-11-27 15:36:22.748 [main] INFO  ua.foxminded.skarb.pages.NgoSignUpPage - Sex:Male was chosen.
2023-11-27 15:36:22.811 [main] INFO  ua.foxminded.skarb.pages.NgoSignUpPage - Password & Confirmation were written
2023-11-27 15:36:22.842 [main] INFO  ua.foxminded.skarb.pages.NgoSignUpPage - Organization name was written: TGBHXC
2023-11-27 15:36:22.983 [main] INFO  ua.foxminded.skarb.pages.NgoSignUpPage - 'Programming' category was chosen
2023-11-27 15:36:23.012 [main] INFO  ua.foxminded.skarb.pages.NgoSignUpPage - Position: Manager was written.
2023-11-27 15:36:24.750 [main] INFO  ua.foxminded.skarb.pages.NgoSignUpPage - Sign Up button was clicked.
2023-11-27 15:36:24.752 [main] INFO  ua.foxminded.skarb.tests.NgoRegistrationTest - NGO registration form was filled in
2023-11-27 15:36:26.930 [main] INFO  ua.foxminded.skarb.pages.CongratsNgoPage - Mail tab was open
2023-11-27 15:37:00.130 [main] INFO  ua.foxminded.skarb.pages.MailHogPage - Driver found registration confirmation email
2023-11-27 15:37:00.196 [main] INFO  ua.foxminded.skarb.pages.MailHogPage - Confirmation link was clicked
2023-11-27 15:37:01.892 [main] INFO  ua.foxminded.skarb.tests.NgoRegistrationTest - Your email was confirmed. Congratulation!
2023-11-27 15:37:07.413 [main] INFO  ua.foxminded.skarb.tests.NgoRegistrationTest - Close driver
2023-11-27 15:44:07.296 [main] INFO  ua.foxminded.skarb.tests.NgoRegistrationTest - Create driver: Chrome
2023-11-27 15:44:07.711 [main] INFO  ua.foxminded.skarb.tests.NgoRegistrationTest - Starting register a NGO
2023-11-27 15:44:09.723 [main] INFO  ua.foxminded.skarb.tests.NgoRegistrationTest - NGO page was open
2023-11-27 15:44:09.827 [main] INFO  ua.foxminded.skarb.pages.NgoSignUpPage - Email was written: Pchi.Iywq@example.com
2023-11-27 15:44:09.857 [main] INFO  ua.foxminded.skarb.pages.NgoSignUpPage - First name was written: Pchi
2023-11-27 15:44:09.887 [main] INFO  ua.foxminded.skarb.pages.NgoSignUpPage - Last name was written: Iywq
2023-11-27 15:44:09.914 [main] INFO  ua.foxminded.skarb.pages.NgoSignUpPage - Sex:Male was chosen.
2023-11-27 15:44:09.979 [main] INFO  ua.foxminded.skarb.pages.NgoSignUpPage - Password & Confirmation were written
2023-11-27 15:44:10.010 [main] INFO  ua.foxminded.skarb.pages.NgoSignUpPage - Organization name was written: ZUZGPV
2023-11-27 15:44:10.153 [main] INFO  ua.foxminded.skarb.pages.NgoSignUpPage - 'Programming' category was chosen
2023-11-27 15:44:10.186 [main] INFO  ua.foxminded.skarb.pages.NgoSignUpPage - Position: Manager was written.
2023-11-27 15:44:11.917 [main] INFO  ua.foxminded.skarb.pages.NgoSignUpPage - Sign Up button was clicked.
2023-11-27 15:44:11.919 [main] INFO  ua.foxminded.skarb.tests.NgoRegistrationTest - NGO registration form was filled in
2023-11-27 15:44:14.115 [main] INFO  ua.foxminded.skarb.pages.CongratsNgoPage - Mail tab was open
2023-11-27 15:45:01.450 [main] INFO  ua.foxminded.skarb.pages.MailHogPage - Driver found registration confirmation email
2023-11-27 15:45:01.501 [main] INFO  ua.foxminded.skarb.pages.MailHogPage - Confirmation link was clicked
2023-11-27 15:45:03.181 [main] INFO  ua.foxminded.skarb.tests.NgoRegistrationTest - Your email was confirmed. Congratulation!
2023-11-27 15:45:08.981 [main] INFO  ua.foxminded.skarb.pages.NewConfirmationPage - Log In tab was open
2023-11-27 15:45:09.045 [main] INFO  ua.foxminded.skarb.pages.LoginPage - Login field 'Vmmq.Xvcj@skarb.ngo' email was used
2023-11-27 15:45:09.079 [main] INFO  ua.foxminded.skarb.pages.LoginPage - Password field 'HJvb&3321' password was used
2023-11-27 15:45:10.586 [main] INFO  ua.foxminded.skarb.tests.NgoRegistrationTest - Close driver
2023-11-27 16:06:23.944 [main] INFO  ua.foxminded.skarb.tests.NgoRegistrationTest - Create driver: Chrome
2023-11-27 16:06:24.058 [main] INFO  ua.foxminded.skarb.tests.NgoRegistrationTest - Starting register a NGO
2023-11-27 16:06:25.895 [main] INFO  ua.foxminded.skarb.tests.NgoRegistrationTest - NGO page was open
2023-11-27 16:06:26.006 [main] INFO  ua.foxminded.skarb.pages.NgoSignUpPage - Email was written: Ysnv.Oagc@example.com
2023-11-27 16:06:26.036 [main] INFO  ua.foxminded.skarb.pages.NgoSignUpPage - First name was written: Ysnv
2023-11-27 16:06:26.065 [main] INFO  ua.foxminded.skarb.pages.NgoSignUpPage - Last name was written: Oagc
2023-11-27 16:06:26.093 [main] INFO  ua.foxminded.skarb.pages.NgoSignUpPage - Sex:Male was chosen.
2023-11-27 16:06:26.156 [main] INFO  ua.foxminded.skarb.pages.NgoSignUpPage - Password & Confirmation were written
2023-11-27 16:06:26.188 [main] INFO  ua.foxminded.skarb.pages.NgoSignUpPage - Organization name was written: RMZVFW
2023-11-27 16:06:26.332 [main] INFO  ua.foxminded.skarb.pages.NgoSignUpPage - 'Programming' category was chosen
2023-11-27 16:06:26.362 [main] INFO  ua.foxminded.skarb.pages.NgoSignUpPage - Position: Manager was written.
2023-11-27 16:06:28.056 [main] INFO  ua.foxminded.skarb.pages.NgoSignUpPage - Sign Up button was clicked.
2023-11-27 16:06:28.057 [main] INFO  ua.foxminded.skarb.tests.NgoRegistrationTest - NGO registration form was filled in
2023-11-27 16:06:30.145 [main] INFO  ua.foxminded.skarb.pages.CongratsNgoPage - Mail tab was open
2023-11-27 16:07:09.412 [main] INFO  ua.foxminded.skarb.pages.MailHogPage - Driver found registration confirmation email
2023-11-27 16:07:09.455 [main] INFO  ua.foxminded.skarb.pages.MailHogPage - Confirmation link was clicked
2023-11-27 16:07:10.984 [main] INFO  ua.foxminded.skarb.tests.NgoRegistrationTest - Your email was confirmed. Congratulation!
2023-11-27 16:07:12.172 [main] INFO  ua.foxminded.skarb.pages.NewConfirmationPage - Log In tab was open
2023-11-27 16:07:12.235 [main] INFO  ua.foxminded.skarb.pages.LoginPage - Login field 'Ysnv.Oagc@example.com' email was used
2023-11-27 16:07:12.267 [main] INFO  ua.foxminded.skarb.pages.LoginPage - Password field 'TEst@1234' password was used
2023-11-27 16:07:13.837 [main] INFO  ua.foxminded.skarb.tests.NgoRegistrationTest - Close driver
2023-11-27 16:09:28.566 [main] INFO  ua.foxminded.skarb.tests.NgoRegistrationTest - Create driver: Chrome
2023-11-27 16:09:28.685 [main] INFO  ua.foxminded.skarb.tests.NgoRegistrationTest - Starting register a NGO
2023-11-27 16:09:30.546 [main] INFO  ua.foxminded.skarb.tests.NgoRegistrationTest - NGO page was open
2023-11-27 16:09:30.641 [main] INFO  ua.foxminded.skarb.pages.NgoSignUpPage - Email was written: Qecc.Dzcr@example.com
2023-11-27 16:09:30.671 [main] INFO  ua.foxminded.skarb.pages.NgoSignUpPage - First name was written: Qecc
2023-11-27 16:09:30.699 [main] INFO  ua.foxminded.skarb.pages.NgoSignUpPage - Last name was written: Dzcr
2023-11-27 16:09:30.726 [main] INFO  ua.foxminded.skarb.pages.NgoSignUpPage - Sex:Male was chosen.
2023-11-27 16:09:30.789 [main] INFO  ua.foxminded.skarb.pages.NgoSignUpPage - Password & Confirmation were written
2023-11-27 16:09:30.820 [main] INFO  ua.foxminded.skarb.pages.NgoSignUpPage - Organization name was written: SBKHLS
2023-11-27 16:09:30.964 [main] INFO  ua.foxminded.skarb.pages.NgoSignUpPage - 'Programming' category was chosen
2023-11-27 16:09:30.995 [main] INFO  ua.foxminded.skarb.pages.NgoSignUpPage - Position: Manager was written.
2023-11-27 16:09:32.580 [main] INFO  ua.foxminded.skarb.pages.NgoSignUpPage - Sign Up button was clicked.
2023-11-27 16:09:32.581 [main] INFO  ua.foxminded.skarb.tests.NgoRegistrationTest - NGO registration form was filled in
2023-11-27 16:09:34.882 [main] INFO  ua.foxminded.skarb.pages.CongratsNgoPage - Mail tab was open
2023-11-27 16:10:00.180 [main] INFO  ua.foxminded.skarb.pages.MailHogPage - Driver found registration confirmation email
2023-11-27 16:10:00.247 [main] INFO  ua.foxminded.skarb.pages.MailHogPage - Confirmation link was clicked
2023-11-27 16:10:01.762 [main] INFO  ua.foxminded.skarb.tests.NgoRegistrationTest - Your email was confirmed. Congratulation!
2023-11-27 16:10:02.935 [main] INFO  ua.foxminded.skarb.pages.NewConfirmationPage - Log In tab was open
2023-11-27 16:10:03.000 [main] INFO  ua.foxminded.skarb.pages.LoginPage - Login field 'Qecc.Dzcr@example.com' email was used
2023-11-27 16:10:03.033 [main] INFO  ua.foxminded.skarb.pages.LoginPage - Password field 'TEst@1234' password was used
2023-11-27 16:10:04.520 [main] INFO  ua.foxminded.skarb.tests.NgoRegistrationTest - User successfully log in
2023-11-27 16:10:04.523 [main] INFO  ua.foxminded.skarb.tests.NgoRegistrationTest - Close driver
2023-11-27 19:29:50.177 [main] INFO  ua.foxminded.skarb.tests.VolunteerRegistrationTest - Create driver: Chrome
2023-11-27 19:29:50.293 [main] INFO  ua.foxminded.skarb.tests.VolunteerRegistrationTest - Starting register a Volunteer
2023-11-27 19:29:52.142 [main] INFO  ua.foxminded.skarb.tests.VolunteerRegistrationTest - Volunteer page was open
2023-11-27 19:29:52.250 [main] INFO  ua.foxminded.skarb.pages.VolunteersSignUpPage - First name was written: Khd
2023-11-27 19:29:52.285 [main] INFO  ua.foxminded.skarb.pages.VolunteersSignUpPage - Last name was written: Euhn
2023-11-27 19:29:52.318 [main] INFO  ua.foxminded.skarb.pages.VolunteersSignUpPage - Email was written: Khd.Euhn@example.com
2023-11-27 19:29:52.380 [main] INFO  ua.foxminded.skarb.pages.VolunteersSignUpPage - Password & Confirmation were written
2023-11-27 19:29:52.513 [main] INFO  ua.foxminded.skarb.pages.VolunteersSignUpPage - 'Programming' category was chosen
2023-11-27 19:29:53.471 [main] INFO  ua.foxminded.skarb.pages.VolunteersSignUpPage - Sign Up button was clicked.
2023-11-27 19:29:53.507 [main] INFO  ua.foxminded.skarb.tests.VolunteerRegistrationTest - Close driver
2023-11-27 22:04:49.485 [main] INFO  parameterizedTests.NgoRegistrationParameterizedTest - Create driver: Chrome
2023-11-27 22:04:49.626 [main] INFO  parameterizedTests.NgoRegistrationParameterizedTest - Starting register a NGO
2023-11-27 22:04:51.287 [main] INFO  parameterizedTests.NgoRegistrationParameterizedTest - NGO page was open
2023-11-27 22:04:51.486 [main] INFO  ua.foxminded.skarb.pages.NgoSignUpPage - Email was written: Psbl.Dlvg@example.com
2023-11-27 22:04:51.518 [main] INFO  ua.foxminded.skarb.pages.NgoSignUpPage - First name was written: Psbl
2023-11-27 22:04:51.547 [main] INFO  ua.foxminded.skarb.pages.NgoSignUpPage - Last name was written: Dlvg
2023-11-27 22:04:51.577 [main] INFO  ua.foxminded.skarb.pages.NgoSignUpPage - Sex:Male was chosen.
2023-11-27 22:04:51.644 [main] INFO  ua.foxminded.skarb.pages.NgoSignUpPage - Password & Confirmation were written
2023-11-27 22:04:51.677 [main] INFO  ua.foxminded.skarb.pages.NgoSignUpPage - Organization name was written: UGXHEB
2023-11-27 22:04:51.839 [main] INFO  ua.foxminded.skarb.pages.NgoSignUpPage - 'Programming' category was chosen
2023-11-27 22:04:51.869 [main] INFO  ua.foxminded.skarb.pages.NgoSignUpPage - Position: Manager was written.
2023-11-27 22:04:52.849 [main] INFO  ua.foxminded.skarb.pages.NgoSignUpPage - Sign Up button was clicked.
2023-11-27 22:04:52.851 [main] INFO  parameterizedTests.NgoRegistrationParameterizedTest - NGO registration form was filled in
2023-11-27 22:04:55.340 [main] INFO  ua.foxminded.skarb.pages.CongratsNgoPage - Mail tab was open
2023-11-27 22:05:00.249 [main] INFO  ua.foxminded.skarb.pages.MailHogPage - Driver found registration confirmation email
2023-11-27 22:05:00.328 [main] INFO  ua.foxminded.skarb.pages.MailHogPage - Confirmation link was clicked
2023-11-27 22:05:01.564 [main] INFO  parameterizedTests.NgoRegistrationParameterizedTest - Your email was confirmed. Congratulation!
2023-11-27 22:05:02.296 [main] INFO  ua.foxminded.skarb.pages.NewConfirmationPage - Log In tab was open
2023-11-27 22:05:02.358 [main] INFO  ua.foxminded.skarb.pages.LoginPage - Login field 'Psbl.Dlvg@example.com' email was used
2023-11-27 22:05:02.391 [main] INFO  ua.foxminded.skarb.pages.LoginPage - Password field 'NMzx!2234' password was used
2023-11-27 22:05:03.494 [main] INFO  parameterizedTests.NgoRegistrationParameterizedTest - User successfully log in!
2023-11-27 22:05:03.496 [main] INFO  parameterizedTests.NgoRegistrationParameterizedTest - Close driver
2023-11-27 22:05:05.470 [main] INFO  parameterizedTests.NgoRegistrationParameterizedTest - Create driver: Chrome
2023-11-27 22:05:05.879 [main] INFO  parameterizedTests.NgoRegistrationParameterizedTest - Starting register a NGO
2023-11-27 22:05:07.392 [main] INFO  parameterizedTests.NgoRegistrationParameterizedTest - NGO page was open
2023-11-27 22:05:07.464 [main] INFO  ua.foxminded.skarb.pages.NgoSignUpPage - Email was written: Psbl.Dlvg@example.com
2023-11-27 22:05:07.493 [main] INFO  ua.foxminded.skarb.pages.NgoSignUpPage - First name was written: Psbl
2023-11-27 22:05:07.522 [main] INFO  ua.foxminded.skarb.pages.NgoSignUpPage - Last name was written: Dlvg
2023-11-27 22:05:07.548 [main] INFO  ua.foxminded.skarb.pages.NgoSignUpPage - Sex:Male was chosen.
2023-11-27 22:05:07.610 [main] INFO  ua.foxminded.skarb.pages.NgoSignUpPage - Password & Confirmation were written
2023-11-27 22:05:07.640 [main] INFO  ua.foxminded.skarb.pages.NgoSignUpPage - Organization name was written: GFEHKE
2023-11-27 22:05:07.764 [main] INFO  ua.foxminded.skarb.pages.NgoSignUpPage - 'Programming' category was chosen
2023-11-27 22:05:07.793 [main] INFO  ua.foxminded.skarb.pages.NgoSignUpPage - Position: Manager was written.
2023-11-27 22:05:08.509 [main] INFO  ua.foxminded.skarb.pages.NgoSignUpPage - Sign Up button was clicked.
2023-11-27 22:05:08.509 [main] INFO  parameterizedTests.NgoRegistrationParameterizedTest - NGO registration form was filled in
2023-11-27 22:05:10.794 [main] INFO  ua.foxminded.skarb.pages.CongratsNgoPage - Mail tab was open
2023-11-27 22:05:12.873 [main] INFO  ua.foxminded.skarb.pages.MailHogPage - Driver found registration confirmation email
2023-11-27 22:05:12.933 [main] INFO  ua.foxminded.skarb.pages.MailHogPage - Confirmation link was clicked
2023-11-27 22:05:35.791 [main] INFO  parameterizedTests.NgoRegistrationParameterizedTest - Close driver
2023-11-27 22:34:20.589 [main] INFO  parameterizedTests.PartnerRegistrationParameterizedTest - Create driver: Chrome
2023-11-27 22:34:20.719 [main] INFO  parameterizedTests.PartnerRegistrationParameterizedTest - Starting register a Partner
2023-11-27 22:34:22.505 [main] INFO  parameterizedTests.PartnerRegistrationParameterizedTest - Page was opened
2023-11-27 22:34:23.960 [main] INFO  ua.foxminded.skarb.pages.PartnersSignUpPage - Email was written: Qzmkh.Htugcg@skarb.ngo
2023-11-27 22:34:23.990 [main] INFO  ua.foxminded.skarb.pages.PartnersSignUpPage - First name was written: Qzmkh
2023-11-27 22:34:24.020 [main] INFO  ua.foxminded.skarb.pages.PartnersSignUpPage - Last name was written: Htugcg
2023-11-27 22:34:24.047 [main] INFO  ua.foxminded.skarb.pages.PartnersSignUpPage - Sex:Female was chosen.
2023-11-27 22:34:24.113 [main] INFO  ua.foxminded.skarb.pages.PartnersSignUpPage - Password & Confirmation were written.
2023-11-27 22:34:24.144 [main] INFO  ua.foxminded.skarb.pages.PartnersSignUpPage - Organization name was written: KZIE
2023-11-27 22:34:24.307 [main] INFO  ua.foxminded.skarb.pages.PartnersSignUpPage - 'Programming' category was chosen.
2023-11-27 22:34:24.337 [main] INFO  ua.foxminded.skarb.pages.PartnersSignUpPage - Position: Manager was written.
2023-11-27 22:34:25.137 [main] INFO  ua.foxminded.skarb.pages.PartnersSignUpPage - Sign Up button was clicked
2023-11-27 22:34:25.141 [main] INFO  parameterizedTests.PartnerRegistrationParameterizedTest - Partners registration form was filled in with position: Manager
2023-11-27 22:34:27.276 [main] INFO  ua.foxminded.skarb.pages.CongratsNgoPage - Mail tab was open
2023-11-27 22:35:03.276 [main] INFO  ua.foxminded.skarb.pages.MailHogPage - Driver found registration confirmation email
2023-11-27 22:35:03.318 [main] INFO  ua.foxminded.skarb.pages.MailHogPage - Confirmation link was clicked
2023-11-27 22:35:04.525 [main] INFO  parameterizedTests.PartnerRegistrationParameterizedTest - Your email was confirmed. Congratulation!
2023-11-27 22:35:04.527 [main] INFO  parameterizedTests.PartnerRegistrationParameterizedTest - Close driver
2023-11-27 22:35:06.656 [main] INFO  parameterizedTests.PartnerRegistrationParameterizedTest - Create driver: Chrome
2023-11-27 22:35:07.072 [main] INFO  parameterizedTests.PartnerRegistrationParameterizedTest - Starting register a Partner
2023-11-27 22:35:08.609 [main] INFO  parameterizedTests.PartnerRegistrationParameterizedTest - Page was opened
2023-11-27 22:35:09.770 [main] INFO  ua.foxminded.skarb.pages.PartnersSignUpPage - Email was written: Pfrfk.Shbtnr@skarb.ngo
2023-11-27 22:35:09.798 [main] INFO  ua.foxminded.skarb.pages.PartnersSignUpPage - First name was written: Pfrfk
2023-11-27 22:35:09.827 [main] INFO  ua.foxminded.skarb.pages.PartnersSignUpPage - Last name was written: Shbtnr
2023-11-27 22:35:09.848 [main] INFO  ua.foxminded.skarb.pages.PartnersSignUpPage - Sex:Female was chosen.
2023-11-27 22:35:09.896 [main] INFO  ua.foxminded.skarb.pages.PartnersSignUpPage - Password & Confirmation were written.
2023-11-27 22:35:09.921 [main] INFO  ua.foxminded.skarb.pages.PartnersSignUpPage - Organization name was written: EQVG
2023-11-27 22:35:10.059 [main] INFO  ua.foxminded.skarb.pages.PartnersSignUpPage - 'Programming' category was chosen.
2023-11-27 22:35:10.090 [main] INFO  ua.foxminded.skarb.pages.PartnersSignUpPage - Position: Developer was written.
2023-11-27 22:35:10.843 [main] INFO  ua.foxminded.skarb.pages.PartnersSignUpPage - Sign Up button was clicked
2023-11-27 22:35:10.843 [main] INFO  parameterizedTests.PartnerRegistrationParameterizedTest - Partners registration form was filled in with position: Developer
2023-11-27 22:35:12.917 [main] INFO  ua.foxminded.skarb.pages.CongratsNgoPage - Mail tab was open
2023-11-27 22:35:14.977 [main] INFO  ua.foxminded.skarb.pages.MailHogPage - Driver found registration confirmation email
2023-11-27 22:35:15.031 [main] INFO  ua.foxminded.skarb.pages.MailHogPage - Confirmation link was clicked
2023-11-27 22:35:30.584 [main] INFO  parameterizedTests.PartnerRegistrationParameterizedTest - Close driver
2023-11-27 22:35:32.699 [main] INFO  parameterizedTests.PartnerRegistrationParameterizedTest - Create driver: Chrome
2023-11-27 22:35:33.104 [main] INFO  parameterizedTests.PartnerRegistrationParameterizedTest - Starting register a Partner
2023-11-27 22:35:34.544 [main] INFO  parameterizedTests.PartnerRegistrationParameterizedTest - Page was opened
2023-11-27 22:35:35.879 [main] INFO  ua.foxminded.skarb.pages.PartnersSignUpPage - Email was written: Swbsd.Rwjzbb@skarb.ngo
2023-11-27 22:35:35.907 [main] INFO  ua.foxminded.skarb.pages.PartnersSignUpPage - First name was written: Swbsd
2023-11-27 22:35:35.935 [main] INFO  ua.foxminded.skarb.pages.PartnersSignUpPage - Last name was written: Rwjzbb
2023-11-27 22:35:35.960 [main] INFO  ua.foxminded.skarb.pages.PartnersSignUpPage - Sex:Female was chosen.
2023-11-27 22:35:36.019 [main] INFO  ua.foxminded.skarb.pages.PartnersSignUpPage - Password & Confirmation were written.
2023-11-27 22:35:36.047 [main] INFO  ua.foxminded.skarb.pages.PartnersSignUpPage - Organization name was written: CGBM
2023-11-27 22:35:36.170 [main] INFO  ua.foxminded.skarb.pages.PartnersSignUpPage - 'Programming' category was chosen.
2023-11-27 22:35:36.198 [main] INFO  ua.foxminded.skarb.pages.PartnersSignUpPage - Position: Tester was written.
2023-11-27 22:35:37.037 [main] INFO  ua.foxminded.skarb.pages.PartnersSignUpPage - Sign Up button was clicked
2023-11-27 22:35:37.037 [main] INFO  parameterizedTests.PartnerRegistrationParameterizedTest - Partners registration form was filled in with position: Tester
2023-11-27 22:35:39.135 [main] INFO  ua.foxminded.skarb.pages.CongratsNgoPage - Mail tab was open
2023-11-27 22:35:41.202 [main] INFO  ua.foxminded.skarb.pages.MailHogPage - Driver found registration confirmation email
2023-11-27 22:35:41.258 [main] INFO  ua.foxminded.skarb.pages.MailHogPage - Confirmation link was clicked
2023-11-27 22:35:56.396 [main] INFO  parameterizedTests.PartnerRegistrationParameterizedTest - Close driver
2023-11-27 22:35:58.433 [main] INFO  parameterizedTests.PartnerRegistrationParameterizedTest - Create driver: Chrome
2023-11-27 22:35:58.843 [main] INFO  parameterizedTests.PartnerRegistrationParameterizedTest - Starting register a Partner
2023-11-27 22:36:00.405 [main] INFO  parameterizedTests.PartnerRegistrationParameterizedTest - Page was opened
2023-11-27 22:36:01.768 [main] INFO  ua.foxminded.skarb.pages.PartnersSignUpPage - Email was written: Vxbij.Uiecna@skarb.ngo
2023-11-27 22:36:01.797 [main] INFO  ua.foxminded.skarb.pages.PartnersSignUpPage - First name was written: Vxbij
2023-11-27 22:36:01.824 [main] INFO  ua.foxminded.skarb.pages.PartnersSignUpPage - Last name was written: Uiecna
2023-11-27 22:36:01.852 [main] INFO  ua.foxminded.skarb.pages.PartnersSignUpPage - Sex:Female was chosen.
2023-11-27 22:36:01.909 [main] INFO  ua.foxminded.skarb.pages.PartnersSignUpPage - Password & Confirmation were written.
2023-11-27 22:36:01.938 [main] INFO  ua.foxminded.skarb.pages.PartnersSignUpPage - Organization name was written: GIOH
2023-11-27 22:36:02.061 [main] INFO  ua.foxminded.skarb.pages.PartnersSignUpPage - 'Programming' category was chosen.
2023-11-27 22:36:02.088 [main] INFO  ua.foxminded.skarb.pages.PartnersSignUpPage - Position: CEO was written.
2023-11-27 22:36:02.864 [main] INFO  ua.foxminded.skarb.pages.PartnersSignUpPage - Sign Up button was clicked
2023-11-27 22:36:02.865 [main] INFO  parameterizedTests.PartnerRegistrationParameterizedTest - Partners registration form was filled in with position: CEO
2023-11-27 22:36:04.939 [main] INFO  ua.foxminded.skarb.pages.CongratsNgoPage - Mail tab was open
2023-11-27 22:36:07.007 [main] INFO  ua.foxminded.skarb.pages.MailHogPage - Driver found registration confirmation email
2023-11-27 22:36:07.064 [main] INFO  ua.foxminded.skarb.pages.MailHogPage - Confirmation link was clicked
2023-11-27 22:36:08.252 [main] INFO  parameterizedTests.PartnerRegistrationParameterizedTest - Your email was confirmed. Congratulation!
2023-11-27 22:36:08.252 [main] INFO  parameterizedTests.PartnerRegistrationParameterizedTest - Close driver
