2024-01-25 18:04:25.218 [main] INFO  ua.foxminded.skarb.tests.VolunteerRegistrationTest - Create driver: Chrome
2024-01-25 18:04:25.648 [main] INFO  ua.foxminded.skarb.tests.VolunteerRegistrationTest - Starting register a Volunteer
2024-01-25 18:04:27.194 [main] INFO  ua.foxminded.skarb.tests.VolunteerRegistrationTest - Volunteer page was open
2024-01-25 18:04:27.196 [main] INFO  ua.foxminded.skarb.tests.VolunteerRegistrationTest - Registration form completed
2024-01-25 18:04:27.319 [main] INFO  ua.foxminded.skarb.tests.VolunteerRegistrationTest - Email was written: Bstl.Utuin@example.com
2024-01-25 18:04:27.362 [main] INFO  ua.foxminded.skarb.tests.VolunteerRegistrationTest - First name was written: Bstl
2024-01-25 18:04:27.404 [main] INFO  ua.foxminded.skarb.tests.VolunteerRegistrationTest - Last name was written: Utuin
2024-01-25 18:04:27.468 [main] INFO  ua.foxminded.skarb.tests.VolunteerRegistrationTest - Password & Confirmation were written
2024-01-25 18:04:27.603 [main] INFO  ua.foxminded.skarb.tests.VolunteerRegistrationTest - 'Programming' category was chosen
2024-01-25 18:04:28.583 [main] INFO  ua.foxminded.skarb.tests.VolunteerRegistrationTest - Sign Up button was clicked.
2024-01-25 18:04:28.584 [main] INFO  ua.foxminded.skarb.tests.VolunteerRegistrationTest - Registration form completed
2024-01-25 18:04:28.615 [main] INFO  ua.foxminded.skarb.tests.VolunteerRegistrationTest - Assertions successfully validated
2024-01-25 18:04:28.617 [main] INFO  ua.foxminded.skarb.tests.VolunteerRegistrationTest - Close driver
2024-01-25 18:04:29.500 [main] INFO  ua.foxminded.skarb.tests.PartnerRegistrationTest - Create driver: Chrome
2024-01-25 18:04:29.906 [main] INFO  ua.foxminded.skarb.tests.PartnerRegistrationTest - Starting register a Partner
2024-01-25 18:04:31.601 [main] INFO  ua.foxminded.skarb.tests.PartnerRegistrationTest - Page was opened
2024-01-25 18:04:33.014 [main] INFO  ua.foxminded.skarb.tests.PartnerRegistrationTest - Email was written: Pfxu.Khxbs@skarb.ngo
2024-01-25 18:04:33.041 [main] INFO  ua.foxminded.skarb.tests.PartnerRegistrationTest - First name was written: Pfxu
2024-01-25 18:04:33.065 [main] INFO  ua.foxminded.skarb.tests.PartnerRegistrationTest - Last name was written: Khxbs
2024-01-25 18:04:33.091 [main] INFO  ua.foxminded.skarb.tests.PartnerRegistrationTest - Sex:Female was chosen.
2024-01-25 18:04:33.147 [main] INFO  ua.foxminded.skarb.tests.PartnerRegistrationTest - Password & Confirmation were written.
2024-01-25 18:04:33.175 [main] INFO  ua.foxminded.skarb.tests.PartnerRegistrationTest - Organization name was written: GIAT
2024-01-25 18:04:33.296 [main] INFO  ua.foxminded.skarb.tests.PartnerRegistrationTest - 'Programming' category was chosen.
2024-01-25 18:04:33.323 [main] INFO  ua.foxminded.skarb.tests.PartnerRegistrationTest - Position: Manager was written.
2024-01-25 18:04:34.166 [main] INFO  ua.foxminded.skarb.tests.PartnerRegistrationTest - Sign Up button was clicked
2024-01-25 18:04:34.167 [main] INFO  ua.foxminded.skarb.tests.PartnerRegistrationTest - Partners registration form was filled in
2024-01-25 18:04:36.522 [main] INFO  ua.foxminded.skarb.tests.PartnerRegistrationTest - Mail tab was open
2024-01-25 18:05:00.149 [main] INFO  ua.foxminded.skarb.tests.PartnerRegistrationTest - Driver found registration confirmation email
2024-01-25 18:05:00.211 [main] INFO  ua.foxminded.skarb.tests.PartnerRegistrationTest - Confirmation link was clicked
2024-01-25 18:05:01.455 [main] INFO  ua.foxminded.skarb.tests.PartnerRegistrationTest - Your email was confirmed. Congratulation!
2024-01-25 18:05:01.455 [main] INFO  ua.foxminded.skarb.tests.PartnerRegistrationTest - Close driver
2024-01-25 18:05:02.291 [main] INFO  ua.foxminded.skarb.tests.parameterizedTests.PartnerRegistrationParameterizedTest - Create driver: Chrome
2024-01-25 18:05:02.720 [main] INFO  ua.foxminded.skarb.tests.parameterizedTests.PartnerRegistrationParameterizedTest - Starting register a Partner
2024-01-25 18:05:04.428 [main] INFO  ua.foxminded.skarb.tests.parameterizedTests.PartnerRegistrationParameterizedTest - Page was opened
2024-01-25 18:05:05.703 [main] INFO  ua.foxminded.skarb.tests.parameterizedTests.PartnerRegistrationParameterizedTest - Email was written: Figc.Fihlk@skarb.ngo
2024-01-25 18:05:05.728 [main] INFO  ua.foxminded.skarb.tests.parameterizedTests.PartnerRegistrationParameterizedTest - First name was written: Figc
2024-01-25 18:05:05.752 [main] INFO  ua.foxminded.skarb.tests.parameterizedTests.PartnerRegistrationParameterizedTest - Last name was written: Fihlk
2024-01-25 18:05:05.775 [main] INFO  ua.foxminded.skarb.tests.parameterizedTests.PartnerRegistrationParameterizedTest - Sex:Female was chosen.
2024-01-25 18:05:05.832 [main] INFO  ua.foxminded.skarb.tests.parameterizedTests.PartnerRegistrationParameterizedTest - Password & Confirmation were written.
2024-01-25 18:05:05.857 [main] INFO  ua.foxminded.skarb.tests.parameterizedTests.PartnerRegistrationParameterizedTest - Organization name was written: UDCX
2024-01-25 18:05:05.962 [main] INFO  ua.foxminded.skarb.tests.parameterizedTests.PartnerRegistrationParameterizedTest - 'Programming' category was chosen.
2024-01-25 18:05:05.986 [main] INFO  ua.foxminded.skarb.tests.parameterizedTests.PartnerRegistrationParameterizedTest - Position: Manager was written.
2024-01-25 18:05:06.783 [main] INFO  ua.foxminded.skarb.tests.parameterizedTests.PartnerRegistrationParameterizedTest - Sign Up button was clicked
2024-01-25 18:05:06.784 [main] INFO  ua.foxminded.skarb.tests.parameterizedTests.PartnerRegistrationParameterizedTest - Partners registration form was filled in with position: Manager
2024-01-25 18:05:09.066 [main] INFO  ua.foxminded.skarb.tests.parameterizedTests.PartnerRegistrationParameterizedTest - Mail tab was open
2024-01-25 18:06:00.147 [main] INFO  ua.foxminded.skarb.tests.parameterizedTests.PartnerRegistrationParameterizedTest - Driver found registration confirmation email
2024-01-25 18:06:00.188 [main] INFO  ua.foxminded.skarb.tests.parameterizedTests.PartnerRegistrationParameterizedTest - Confirmation link was clicked
2024-01-25 18:06:01.453 [main] INFO  ua.foxminded.skarb.tests.parameterizedTests.PartnerRegistrationParameterizedTest - Your email was confirmed. Congratulation!
2024-01-25 18:06:01.474 [main] INFO  ua.foxminded.skarb.tests.parameterizedTests.PartnerRegistrationParameterizedTest - Close driver
2024-01-25 18:06:02.401 [main] INFO  ua.foxminded.skarb.tests.parameterizedTests.PartnerRegistrationParameterizedTest - Create driver: Chrome
2024-01-25 18:06:02.808 [main] INFO  ua.foxminded.skarb.tests.parameterizedTests.PartnerRegistrationParameterizedTest - Starting register a Partner
2024-01-25 18:06:04.406 [main] INFO  ua.foxminded.skarb.tests.parameterizedTests.PartnerRegistrationParameterizedTest - Page was opened
2024-01-25 18:06:05.658 [main] INFO  ua.foxminded.skarb.tests.parameterizedTests.PartnerRegistrationParameterizedTest - Email was written: Okox.Ethlt@skarb.ngo
2024-01-25 18:06:05.682 [main] INFO  ua.foxminded.skarb.tests.parameterizedTests.PartnerRegistrationParameterizedTest - First name was written: Okox
2024-01-25 18:06:05.706 [main] INFO  ua.foxminded.skarb.tests.parameterizedTests.PartnerRegistrationParameterizedTest - Last name was written: Ethlt
2024-01-25 18:06:05.726 [main] INFO  ua.foxminded.skarb.tests.parameterizedTests.PartnerRegistrationParameterizedTest - Sex:Female was chosen.
2024-01-25 18:06:05.775 [main] INFO  ua.foxminded.skarb.tests.parameterizedTests.PartnerRegistrationParameterizedTest - Password & Confirmation were written.
2024-01-25 18:06:05.799 [main] INFO  ua.foxminded.skarb.tests.parameterizedTests.PartnerRegistrationParameterizedTest - Organization name was written: MOMW
2024-01-25 18:06:05.897 [main] INFO  ua.foxminded.skarb.tests.parameterizedTests.PartnerRegistrationParameterizedTest - 'Programming' category was chosen.
2024-01-25 18:06:05.923 [main] INFO  ua.foxminded.skarb.tests.parameterizedTests.PartnerRegistrationParameterizedTest - Position: Developer was written.
2024-01-25 18:06:06.760 [main] INFO  ua.foxminded.skarb.tests.parameterizedTests.PartnerRegistrationParameterizedTest - Sign Up button was clicked
2024-01-25 18:06:06.760 [main] INFO  ua.foxminded.skarb.tests.parameterizedTests.PartnerRegistrationParameterizedTest - Partners registration form was filled in with position: Developer
2024-01-25 18:06:09.052 [main] INFO  ua.foxminded.skarb.tests.parameterizedTests.PartnerRegistrationParameterizedTest - Mail tab was open
2024-01-25 18:06:11.543 [main] INFO  ua.foxminded.skarb.tests.parameterizedTests.PartnerRegistrationParameterizedTest - Close driver
2024-01-25 18:06:12.310 [main] INFO  ua.foxminded.skarb.tests.parameterizedTests.PartnerRegistrationParameterizedTest - Create driver: Chrome
2024-01-25 18:06:12.725 [main] INFO  ua.foxminded.skarb.tests.parameterizedTests.PartnerRegistrationParameterizedTest - Starting register a Partner
2024-01-25 18:06:14.277 [main] INFO  ua.foxminded.skarb.tests.parameterizedTests.PartnerRegistrationParameterizedTest - Page was opened
2024-01-25 18:06:14.337 [main] INFO  ua.foxminded.skarb.tests.parameterizedTests.PartnerRegistrationParameterizedTest - Close driver
2024-01-25 18:06:15.152 [main] INFO  ua.foxminded.skarb.tests.parameterizedTests.PartnerRegistrationParameterizedTest - Create driver: Chrome
2024-01-25 18:06:15.562 [main] INFO  ua.foxminded.skarb.tests.parameterizedTests.PartnerRegistrationParameterizedTest - Starting register a Partner
2024-01-25 18:06:16.337 [main] INFO  ua.foxminded.skarb.tests.parameterizedTests.PartnerRegistrationParameterizedTest - Close driver
2024-01-25 18:06:17.085 [main] INFO  ua.foxminded.skarb.tests.parameterizedTests.VolunteerRegistrationParameterizedTest - Create driver: Chrome
2024-01-25 18:06:17.493 [main] INFO  ua.foxminded.skarb.tests.parameterizedTests.VolunteerRegistrationParameterizedTest - Starting register a Volunteer
2024-01-25 18:06:18.970 [main] INFO  ua.foxminded.skarb.tests.parameterizedTests.VolunteerRegistrationParameterizedTest - Volunteer page was open
2024-01-25 18:06:19.059 [main] INFO  ua.foxminded.skarb.tests.parameterizedTests.VolunteerRegistrationParameterizedTest - First name was written: John
2024-01-25 18:06:19.099 [main] INFO  ua.foxminded.skarb.tests.parameterizedTests.VolunteerRegistrationParameterizedTest - Last name was written: Wow
2024-01-25 18:06:19.128 [main] INFO  ua.foxminded.skarb.tests.parameterizedTests.VolunteerRegistrationParameterizedTest - Email was written: johnwow23e@example.com
2024-01-25 18:06:19.179 [main] INFO  ua.foxminded.skarb.tests.parameterizedTests.VolunteerRegistrationParameterizedTest - Password & Confirmation were written
2024-01-25 18:06:19.265 [main] INFO  ua.foxminded.skarb.tests.parameterizedTests.VolunteerRegistrationParameterizedTest - 'Programming' category was chosen
2024-01-25 18:06:19.423 [main] INFO  ua.foxminded.skarb.tests.parameterizedTests.VolunteerRegistrationParameterizedTest - Sign Up button was clicked.
2024-01-25 18:06:19.434 [main] INFO  ua.foxminded.skarb.tests.parameterizedTests.VolunteerRegistrationParameterizedTest - Close driver
2024-01-25 18:06:20.231 [main] INFO  ua.foxminded.skarb.tests.parameterizedTests.VolunteerRegistrationParameterizedTest - Create driver: Chrome
2024-01-25 18:06:20.642 [main] INFO  ua.foxminded.skarb.tests.parameterizedTests.VolunteerRegistrationParameterizedTest - Starting register a Volunteer
2024-01-25 18:06:21.660 [main] INFO  ua.foxminded.skarb.tests.parameterizedTests.VolunteerRegistrationParameterizedTest - Close driver
2024-01-25 18:06:22.440 [main] INFO  ua.foxminded.skarb.tests.parameterizedTests.VolunteerRegistrationParameterizedTest - Create driver: Chrome
2024-01-25 18:06:22.848 [main] INFO  ua.foxminded.skarb.tests.parameterizedTests.VolunteerRegistrationParameterizedTest - Starting register a Volunteer
2024-01-25 18:06:23.339 [main] INFO  ua.foxminded.skarb.tests.parameterizedTests.VolunteerRegistrationParameterizedTest - Close driver
2024-01-25 18:06:24.140 [main] INFO  ua.foxminded.skarb.tests.parameterizedTests.NgoRegistrationParameterizedTest - Create driver: Chrome
2024-01-25 18:06:24.549 [main] INFO  ua.foxminded.skarb.tests.parameterizedTests.NgoRegistrationParameterizedTest - Starting register a NGO
2024-01-25 18:06:24.866 [main] INFO  ua.foxminded.skarb.tests.parameterizedTests.NgoRegistrationParameterizedTest - Close driver
2024-01-25 18:06:25.649 [main] INFO  ua.foxminded.skarb.tests.parameterizedTests.NgoRegistrationParameterizedTest - Create driver: Chrome
2024-01-25 18:06:26.058 [main] INFO  ua.foxminded.skarb.tests.parameterizedTests.NgoRegistrationParameterizedTest - Starting register a NGO
2024-01-25 18:06:26.075 [main] INFO  ua.foxminded.skarb.tests.parameterizedTests.NgoRegistrationParameterizedTest - Close driver
2024-01-25 18:06:26.871 [main] INFO  ua.foxminded.skarb.tests.NgoRegistrationTest - Create driver: Chrome
2024-01-25 18:06:27.280 [main] INFO  ua.foxminded.skarb.tests.NgoRegistrationTest - Close driver
2024-01-25 18:07:23.055 [main] INFO  ua.foxminded.skarb.tests.NgoRegistrationTest - Create driver: Chrome
2024-01-25 18:07:23.527 [main] INFO  ua.foxminded.skarb.tests.NgoRegistrationTest - Starting register a NGO
2024-01-25 18:07:25.075 [main] INFO  ua.foxminded.skarb.tests.NgoRegistrationTest - NGO page was open
2024-01-25 18:07:25.205 [main] INFO  ua.foxminded.skarb.tests.NgoRegistrationTest - Email was written: Zkke.Duyof@example.com
2024-01-25 18:07:25.235 [main] INFO  ua.foxminded.skarb.tests.NgoRegistrationTest - First name was written: Zkke
2024-01-25 18:07:25.261 [main] INFO  ua.foxminded.skarb.tests.NgoRegistrationTest - Last name was written: Duyof
2024-01-25 18:07:25.291 [main] INFO  ua.foxminded.skarb.tests.NgoRegistrationTest - Sex:Male was chosen.
2024-01-25 18:07:25.345 [main] INFO  ua.foxminded.skarb.tests.NgoRegistrationTest - Password & Confirmation were written
2024-01-25 18:07:25.377 [main] INFO  ua.foxminded.skarb.tests.NgoRegistrationTest - Organization name was written: YGRQ
2024-01-25 18:07:25.520 [main] INFO  ua.foxminded.skarb.tests.NgoRegistrationTest - 'Programming' category was chosen
2024-01-25 18:07:25.548 [main] INFO  ua.foxminded.skarb.tests.NgoRegistrationTest - Position: Developer was written.
2024-01-25 18:07:26.513 [main] INFO  ua.foxminded.skarb.tests.NgoRegistrationTest - Sign Up button was clicked.
2024-01-25 18:07:26.515 [main] INFO  ua.foxminded.skarb.tests.NgoRegistrationTest - NGO registration form was filled in
2024-01-25 18:07:28.787 [main] INFO  ua.foxminded.skarb.tests.NgoRegistrationTest - Mail tab was open
2024-01-25 18:08:00.150 [main] INFO  ua.foxminded.skarb.tests.NgoRegistrationTest - Driver found registration confirmation email
2024-01-25 18:08:00.272 [main] INFO  ua.foxminded.skarb.tests.NgoRegistrationTest - Confirmation link was clicked
2024-01-25 18:08:01.456 [main] INFO  ua.foxminded.skarb.tests.NgoRegistrationTest - Your email was confirmed. Congratulation!
2024-01-25 18:08:02.190 [main] INFO  ua.foxminded.skarb.tests.NgoRegistrationTest - Log In tab was open
2024-01-25 18:08:02.237 [main] INFO  ua.foxminded.skarb.tests.NgoRegistrationTest - Login field 'Zkke.Duyof@example.com' email was used
2024-01-25 18:08:02.269 [main] INFO  ua.foxminded.skarb.tests.NgoRegistrationTest - Password field 'TEst@1234' password was used
2024-01-25 18:08:03.426 [main] INFO  ua.foxminded.skarb.tests.NgoRegistrationTest - Enter button was clicked.
2024-01-25 18:08:03.427 [main] INFO  ua.foxminded.skarb.tests.NgoRegistrationTest - Login button was clicked
2024-01-25 18:08:03.431 [main] INFO  ua.foxminded.skarb.tests.NgoRegistrationTest - User successfully log in!
2024-01-25 18:08:03.433 [main] INFO  ua.foxminded.skarb.tests.NgoRegistrationTest - Close driver
2024-01-25 18:28:28.431 [main] INFO  ua.foxminded.skarb.tests.NgoRegistrationTest - Create driver: Chrome
2024-01-25 18:28:28.904 [main] INFO  ua.foxminded.skarb.tests.NgoRegistrationTest - Starting register a NGO
2024-01-25 18:28:30.475 [main] INFO  ua.foxminded.skarb.tests.NgoRegistrationTest - NGO page was open
2024-01-25 18:28:30.621 [main] INFO  ua.foxminded.skarb.tests.NgoRegistrationTest - Email was written: Jcpt.Gfafc@example.com
2024-01-25 18:28:30.647 [main] INFO  ua.foxminded.skarb.tests.NgoRegistrationTest - First name was written: Jcpt
2024-01-25 18:28:30.672 [main] INFO  ua.foxminded.skarb.tests.NgoRegistrationTest - Last name was written: Gfafc
2024-01-25 18:28:30.698 [main] INFO  ua.foxminded.skarb.tests.NgoRegistrationTest - Sex:Male was chosen.
2024-01-25 18:28:30.750 [main] INFO  ua.foxminded.skarb.tests.NgoRegistrationTest - Password & Confirmation were written
2024-01-25 18:28:30.776 [main] INFO  ua.foxminded.skarb.tests.NgoRegistrationTest - Organization name was written: UOMR
2024-01-25 18:28:30.925 [main] INFO  ua.foxminded.skarb.tests.NgoRegistrationTest - 'Programming' category was chosen
2024-01-25 18:28:30.948 [main] INFO  ua.foxminded.skarb.tests.NgoRegistrationTest - Position: Analyst was written.
2024-01-25 18:28:31.913 [main] INFO  ua.foxminded.skarb.tests.NgoRegistrationTest - Sign Up button was clicked.
2024-01-25 18:28:31.915 [main] INFO  ua.foxminded.skarb.tests.NgoRegistrationTest - NGO registration form was filled in
2024-01-25 18:28:34.530 [main] INFO  ua.foxminded.skarb.tests.NgoRegistrationTest - Mail tab was open
2024-01-25 18:29:00.249 [main] INFO  ua.foxminded.skarb.tests.NgoRegistrationTest - Driver found registration confirmation email
2024-01-25 18:29:00.316 [main] INFO  ua.foxminded.skarb.tests.NgoRegistrationTest - Confirmation link was clicked
2024-01-25 18:29:01.535 [main] INFO  ua.foxminded.skarb.tests.NgoRegistrationTest - Your email was confirmed. Congratulation!
2024-01-25 18:29:02.283 [main] INFO  ua.foxminded.skarb.tests.NgoRegistrationTest - Log In tab was open
2024-01-25 18:29:02.344 [main] INFO  ua.foxminded.skarb.tests.NgoRegistrationTest - Login field 'Jcpt.Gfafc@example.com' email was used
2024-01-25 18:29:02.373 [main] INFO  ua.foxminded.skarb.tests.NgoRegistrationTest - Password field 'OPop%7654' password was used
2024-01-25 18:29:03.555 [main] INFO  ua.foxminded.skarb.tests.NgoRegistrationTest - Enter button was clicked.
2024-01-25 18:29:03.558 [main] INFO  ua.foxminded.skarb.tests.NgoRegistrationTest - Login button was clicked
2024-01-25 18:29:03.562 [main] INFO  ua.foxminded.skarb.tests.NgoRegistrationTest - User successfully log in!
2024-01-25 18:29:03.565 [main] INFO  ua.foxminded.skarb.tests.NgoRegistrationTest - Close driver
2024-01-25 18:30:41.851 [main] INFO  ua.foxminded.skarb.tests.NgoRegistrationTest - Create driver: Chrome
2024-01-25 18:30:42.322 [main] INFO  ua.foxminded.skarb.tests.NgoRegistrationTest - Starting register a NGO
2024-01-25 18:30:43.995 [main] INFO  ua.foxminded.skarb.tests.NgoRegistrationTest - NGO page was open
2024-01-25 18:30:44.126 [main] INFO  ua.foxminded.skarb.tests.NgoRegistrationTest - Email was written: Hbzv.Tyfrd@example.com
2024-01-25 18:30:44.160 [main] INFO  ua.foxminded.skarb.tests.NgoRegistrationTest - First name was written: Hbzv
2024-01-25 18:30:44.187 [main] INFO  ua.foxminded.skarb.tests.NgoRegistrationTest - Last name was written: Tyfrd
2024-01-25 18:30:44.215 [main] INFO  ua.foxminded.skarb.tests.NgoRegistrationTest - Sex:Male was chosen.
2024-01-25 18:30:44.280 [main] INFO  ua.foxminded.skarb.tests.NgoRegistrationTest - Password & Confirmation were written
2024-01-25 18:30:44.309 [main] INFO  ua.foxminded.skarb.tests.NgoRegistrationTest - Organization name was written: HXGZ
2024-01-25 18:30:44.469 [main] INFO  ua.foxminded.skarb.tests.NgoRegistrationTest - 'Programming' category was chosen
2024-01-25 18:30:44.499 [main] INFO  ua.foxminded.skarb.tests.NgoRegistrationTest - Position: Engineer was written.
2024-01-25 18:30:45.518 [main] INFO  ua.foxminded.skarb.tests.NgoRegistrationTest - Sign Up button was clicked.
2024-01-25 18:30:45.520 [main] INFO  ua.foxminded.skarb.tests.NgoRegistrationTest - NGO registration form was filled in
2024-01-25 18:30:47.814 [main] INFO  ua.foxminded.skarb.tests.NgoRegistrationTest - Mail tab was open
2024-01-25 18:31:00.129 [main] INFO  ua.foxminded.skarb.tests.NgoRegistrationTest - Driver found registration confirmation email
2024-01-25 18:31:00.226 [main] INFO  ua.foxminded.skarb.tests.NgoRegistrationTest - Confirmation link was clicked
2024-01-25 18:31:01.406 [main] INFO  ua.foxminded.skarb.tests.NgoRegistrationTest - Your email was confirmed. Congratulation!
2024-01-25 18:31:02.143 [main] INFO  ua.foxminded.skarb.tests.NgoRegistrationTest - Log In tab was open
2024-01-25 18:31:02.199 [main] INFO  ua.foxminded.skarb.tests.NgoRegistrationTest - Login field 'Hbzv.Tyfrd@example.com' email was used
2024-01-25 18:31:02.230 [main] INFO  ua.foxminded.skarb.tests.NgoRegistrationTest - Password field 'ABcd!4321' password was used
2024-01-25 18:31:03.363 [main] INFO  ua.foxminded.skarb.tests.NgoRegistrationTest - Enter button was clicked.
2024-01-25 18:31:03.365 [main] INFO  ua.foxminded.skarb.tests.NgoRegistrationTest - Login button was clicked
2024-01-25 18:31:03.369 [main] INFO  ua.foxminded.skarb.tests.NgoRegistrationTest - User successfully log in!
2024-01-25 18:31:03.374 [main] INFO  ua.foxminded.skarb.tests.NgoRegistrationTest - Close driver
2024-01-25 18:39:58.410 [main] INFO  ua.foxminded.skarb.tests.NgoRegistrationTest - Create driver: Chrome
2024-01-25 18:39:58.838 [main] INFO  ua.foxminded.skarb.tests.NgoRegistrationTest - Starting register a NGO
2024-01-25 18:40:00.543 [main] INFO  ua.foxminded.skarb.tests.NgoRegistrationTest - NGO page was open
2024-01-25 18:40:00.668 [main] INFO  ua.foxminded.skarb.tests.NgoRegistrationTest - Email was written: Ucye.Bnyat@example.com
2024-01-25 18:40:00.694 [main] INFO  ua.foxminded.skarb.tests.NgoRegistrationTest - First name was written: Ucye
2024-01-25 18:40:00.721 [main] INFO  ua.foxminded.skarb.tests.NgoRegistrationTest - Last name was written: Bnyat
2024-01-25 18:40:00.747 [main] INFO  ua.foxminded.skarb.tests.NgoRegistrationTest - Sex:Male was chosen.
2024-01-25 18:40:00.817 [main] INFO  ua.foxminded.skarb.tests.NgoRegistrationTest - Password & Confirmation were written
2024-01-25 18:40:00.844 [main] INFO  ua.foxminded.skarb.tests.NgoRegistrationTest - Organization name was written: QGRD
2024-01-25 18:40:00.987 [main] INFO  ua.foxminded.skarb.tests.NgoRegistrationTest - 'Programming' category was chosen
2024-01-25 18:40:01.013 [main] INFO  ua.foxminded.skarb.tests.NgoRegistrationTest - Position: Analyst was written.
2024-01-25 18:40:01.999 [main] INFO  ua.foxminded.skarb.tests.NgoRegistrationTest - Sign Up button was clicked.
2024-01-25 18:40:02.001 [main] INFO  ua.foxminded.skarb.tests.NgoRegistrationTest - NGO registration form was filled in
2024-01-25 18:40:04.368 [main] INFO  ua.foxminded.skarb.tests.NgoRegistrationTest - Mail tab was open
2024-01-25 18:41:00.113 [main] INFO  ua.foxminded.skarb.tests.NgoRegistrationTest - Driver found registration confirmation email
2024-01-25 18:41:00.158 [main] INFO  ua.foxminded.skarb.tests.NgoRegistrationTest - Confirmation link was clicked
2024-01-25 18:41:01.714 [main] INFO  ua.foxminded.skarb.tests.NgoRegistrationTest - Your email was confirmed. Congratulation!
2024-01-25 18:41:02.450 [main] INFO  ua.foxminded.skarb.tests.NgoRegistrationTest - Log In tab was open
2024-01-25 18:41:02.503 [main] INFO  ua.foxminded.skarb.tests.NgoRegistrationTest - Login field 'Ucye.Bnyat@example.com' email was used
2024-01-25 18:41:02.531 [main] INFO  ua.foxminded.skarb.tests.NgoRegistrationTest - Password field 'HJvb&3321' password was used
2024-01-25 18:41:04.412 [main] INFO  ua.foxminded.skarb.tests.NgoRegistrationTest - Enter button was clicked.
2024-01-25 18:41:04.413 [main] INFO  ua.foxminded.skarb.tests.NgoRegistrationTest - Login button was clicked
2024-01-25 18:41:04.417 [main] INFO  ua.foxminded.skarb.tests.NgoRegistrationTest - User successfully log in!
2024-01-25 18:41:04.420 [main] INFO  ua.foxminded.skarb.tests.NgoRegistrationTest - Close driver
2024-01-25 18:47:51.095 [main] INFO  ua.foxminded.skarb.tests.NgoRegistrationTest - Create driver: Chrome
2024-01-25 18:47:51.518 [main] INFO  ua.foxminded.skarb.tests.NgoRegistrationTest - Starting register a NGO
2024-01-25 18:47:53.243 [main] INFO  ua.foxminded.skarb.tests.NgoRegistrationTest - NGO page was open
2024-01-25 18:47:53.361 [main] INFO  ua.foxminded.skarb.tests.NgoRegistrationTest - Email was written: Iaks.Ffmll@example.com
2024-01-25 18:47:53.387 [main] INFO  ua.foxminded.skarb.tests.NgoRegistrationTest - First name was written: Iaks
2024-01-25 18:47:53.413 [main] INFO  ua.foxminded.skarb.tests.NgoRegistrationTest - Last name was written: Ffmll
2024-01-25 18:47:53.439 [main] INFO  ua.foxminded.skarb.tests.NgoRegistrationTest - Sex:Male was chosen.
2024-01-25 18:47:53.494 [main] INFO  ua.foxminded.skarb.tests.NgoRegistrationTest - Password & Confirmation were written
2024-01-25 18:47:53.522 [main] INFO  ua.foxminded.skarb.tests.NgoRegistrationTest - Organization name was written: PMKR
2024-01-25 18:47:53.667 [main] INFO  ua.foxminded.skarb.tests.NgoRegistrationTest - 'Programming' category was chosen
2024-01-25 18:47:53.694 [main] INFO  ua.foxminded.skarb.tests.NgoRegistrationTest - Position: Engineer was written.
2024-01-25 18:47:54.666 [main] INFO  ua.foxminded.skarb.tests.NgoRegistrationTest - Sign Up button was clicked.
2024-01-25 18:47:54.668 [main] INFO  ua.foxminded.skarb.tests.NgoRegistrationTest - NGO registration form was filled in
2024-01-25 18:47:57.128 [main] INFO  ua.foxminded.skarb.tests.NgoRegistrationTest - Mail tab was open
2024-01-25 18:48:00.111 [main] INFO  ua.foxminded.skarb.tests.NgoRegistrationTest - Driver found registration confirmation email
2024-01-25 18:48:00.169 [main] INFO  ua.foxminded.skarb.tests.NgoRegistrationTest - Confirmation link was clicked
2024-01-25 18:48:01.367 [main] INFO  ua.foxminded.skarb.tests.NgoRegistrationTest - Your email was confirmed. Congratulation!
2024-01-25 18:48:02.110 [main] INFO  ua.foxminded.skarb.tests.NgoRegistrationTest - Log In tab was open
2024-01-25 18:48:02.168 [main] INFO  ua.foxminded.skarb.tests.NgoRegistrationTest - Login field 'Iaks.Ffmll@example.com' email was used
2024-01-25 18:48:02.199 [main] INFO  ua.foxminded.skarb.tests.NgoRegistrationTest - Password field 'HJvb&3321' password was used
2024-01-25 18:48:03.341 [main] INFO  ua.foxminded.skarb.tests.NgoRegistrationTest - Enter button was clicked.
2024-01-25 18:48:03.368 [main] INFO  ua.foxminded.skarb.tests.NgoRegistrationTest - Login button was clicked
2024-01-25 18:48:03.372 [main] INFO  ua.foxminded.skarb.tests.NgoRegistrationTest - User successfully log in!
2024-01-25 18:48:03.374 [main] INFO  ua.foxminded.skarb.tests.NgoRegistrationTest - Close driver
