2023-11-24 08:45:43.890 [main] INFO  ua.foxminded.skarb.utils.BaseTest - Create driver: Chrome
2023-11-24 08:45:44.031 [main] INFO  ua.foxminded.skarb.utils.BaseTest - Starting register a Partner
2023-11-24 08:45:45.643 [main] INFO  ua.foxminded.skarb.utils.BaseTest - Page opened
2023-11-24 08:45:47.115 [main] INFO  ua.foxminded.skarb.utils.BaseTest - Email is written: Ilyyk.Piweeb@skarb.ngo
2023-11-24 08:45:47.144 [main] INFO  ua.foxminded.skarb.utils.BaseTest - First name is written: Ilyyk
2023-11-24 08:45:47.172 [main] INFO  ua.foxminded.skarb.utils.BaseTest - Last name is written: Piweeb
2023-11-24 08:45:47.198 [main] INFO  ua.foxminded.skarb.utils.BaseTest - Sex:Female is chosen
2023-11-24 08:45:47.263 [main] INFO  ua.foxminded.skarb.utils.BaseTest - Password & Confirmation are written
2023-11-24 08:45:47.318 [main] INFO  ua.foxminded.skarb.utils.BaseTest - Organization name is written: XHGM
2023-11-24 08:45:47.471 [main] INFO  ua.foxminded.skarb.utils.BaseTest - 'Programming' category is chosen
2023-11-24 08:45:47.502 [main] INFO  ua.foxminded.skarb.utils.BaseTest - Position: Manager is written
2023-11-24 08:45:48.351 [main] INFO  ua.foxminded.skarb.utils.BaseTest - Sign Up button is clicked.
2023-11-24 08:45:50.528 [main] INFO  ua.foxminded.skarb.utils.BaseTest - Mail tab is open
2023-11-24 08:45:55.020 [main] INFO  ua.foxminded.skarb.utils.BaseTest - Close driver
2023-11-24 09:21:57.550 [main] INFO  ua.foxminded.skarb.utils.BaseTest - Create driver: Chrome
2023-11-24 09:21:57.701 [main] INFO  ua.foxminded.skarb.utils.BaseTest - Starting register a Partner
2023-11-24 09:22:00.036 [main] INFO  ua.foxminded.skarb.utils.BaseTest - Page opened
2023-11-24 09:22:01.493 [main] INFO  ua.foxminded.skarb.utils.BaseTest - Email is written: Wckvi.Yyqupg@skarb.ngo
2023-11-24 09:22:01.523 [main] INFO  ua.foxminded.skarb.utils.BaseTest - First name is written: Wckvi
2023-11-24 09:22:01.553 [main] INFO  ua.foxminded.skarb.utils.BaseTest - Last name is written: Yyqupg
2023-11-24 09:22:01.579 [main] INFO  ua.foxminded.skarb.utils.BaseTest - Sex:Female is chosen
2023-11-24 09:22:01.645 [main] INFO  ua.foxminded.skarb.utils.BaseTest - Password & Confirmation are written
2023-11-24 09:22:01.675 [main] INFO  ua.foxminded.skarb.utils.BaseTest - Organization name is written: PRCP
2023-11-24 09:22:01.819 [main] INFO  ua.foxminded.skarb.utils.BaseTest - 'Programming' category is chosen
2023-11-24 09:22:01.849 [main] INFO  ua.foxminded.skarb.utils.BaseTest - Position: Manager is written
2023-11-24 09:22:02.993 [main] INFO  ua.foxminded.skarb.utils.BaseTest - Sign Up button was clicked.
2023-11-24 09:22:05.958 [main] INFO  ua.foxminded.skarb.utils.BaseTest - Mail tab is open
2023-11-24 09:32:39.923 [main] INFO  ua.foxminded.skarb.utils.BaseTest - Close driver
