2024-01-24 17:33:08.351 [main] INFO  ua.foxminded.skarb.tests.NgoRegistrationTest - Create driver: Chrome
2024-01-24 17:33:08.834 [main] INFO  ua.foxminded.skarb.tests.NgoRegistrationTest - Starting register a NGO
2024-01-24 17:33:10.489 [main] INFO  ua.foxminded.skarb.tests.NgoRegistrationTest - NGO page was open
2024-01-24 17:33:10.676 [main] INFO  ua.foxminded.skarb.tests.NgoRegistrationTest - Email was written: Kaoc.Enqnv@example.com
2024-01-24 17:33:10.704 [main] INFO  ua.foxminded.skarb.tests.NgoRegistrationTest - First name was written: Kaoc
2024-01-24 17:33:10.728 [main] INFO  ua.foxminded.skarb.tests.NgoRegistrationTest - Last name was written: Enqnv
2024-01-24 17:33:10.754 [main] INFO  ua.foxminded.skarb.tests.NgoRegistrationTest - Sex:Male was chosen.
2024-01-24 17:33:10.808 [main] INFO  ua.foxminded.skarb.tests.NgoRegistrationTest - Password & Confirmation were written
2024-01-24 17:33:10.835 [main] INFO  ua.foxminded.skarb.tests.NgoRegistrationTest - Organization name was written: TXGZ
2024-01-24 17:33:10.972 [main] INFO  ua.foxminded.skarb.tests.NgoRegistrationTest - 'Programming' category was chosen
2024-01-24 17:33:11.003 [main] INFO  ua.foxminded.skarb.tests.NgoRegistrationTest - Position: Systems Administrator was written.
2024-01-24 17:33:11.974 [main] INFO  ua.foxminded.skarb.tests.NgoRegistrationTest - Sign Up button was clicked.
2024-01-24 17:33:11.975 [main] INFO  ua.foxminded.skarb.tests.NgoRegistrationTest - NGO registration form was filled in
2024-01-24 17:33:14.459 [main] INFO  ua.foxminded.skarb.tests.NgoRegistrationTest - Mail tab was open
2024-01-24 17:34:00.136 [main] INFO  ua.foxminded.skarb.tests.NgoRegistrationTest - Driver found registration confirmation email
2024-01-24 17:34:00.228 [main] INFO  ua.foxminded.skarb.tests.NgoRegistrationTest - Confirmation link was clicked
2024-01-24 17:34:01.452 [main] INFO  ua.foxminded.skarb.tests.NgoRegistrationTest - Your email was confirmed. Congratulation!
2024-01-24 17:34:02.186 [main] INFO  ua.foxminded.skarb.tests.NgoRegistrationTest - Log In tab was open
2024-01-24 17:34:02.242 [main] INFO  ua.foxminded.skarb.tests.NgoRegistrationTest - Login field 'Kaoc.Enqnv@example.com' email was used
2024-01-24 17:34:02.271 [main] INFO  ua.foxminded.skarb.tests.NgoRegistrationTest - Password field 'ABcd!4321' password was used
2024-01-24 17:34:03.373 [main] INFO  ua.foxminded.skarb.tests.NgoRegistrationTest - Enter button was clicked.
2024-01-24 17:34:03.374 [main] INFO  ua.foxminded.skarb.tests.NgoRegistrationTest - Login button was clicked
2024-01-24 17:34:03.378 [main] INFO  ua.foxminded.skarb.tests.NgoRegistrationTest - User successfully log in!
2024-01-24 17:34:03.381 [main] INFO  ua.foxminded.skarb.tests.NgoRegistrationTest - Close driver
2024-01-24 17:46:30.334 [main] INFO  ua.foxminded.skarb.tests.NgoRegistrationTest - Create driver: Chrome
2024-01-24 17:46:30.800 [main] INFO  ua.foxminded.skarb.tests.NgoRegistrationTest - Starting register a NGO
2024-01-24 17:46:32.601 [main] INFO  ua.foxminded.skarb.tests.NgoRegistrationTest - NGO page was open
2024-01-24 17:46:32.733 [main] INFO  ua.foxminded.skarb.tests.NgoRegistrationTest - Email was written: Rlpb.Hzljf@example.com
2024-01-24 17:46:32.761 [main] INFO  ua.foxminded.skarb.tests.NgoRegistrationTest - First name was written: Rlpb
2024-01-24 17:46:32.790 [main] INFO  ua.foxminded.skarb.tests.NgoRegistrationTest - Last name was written: Hzljf
2024-01-24 17:46:32.822 [main] INFO  ua.foxminded.skarb.tests.NgoRegistrationTest - Sex:Male was chosen.
2024-01-24 17:46:32.890 [main] INFO  ua.foxminded.skarb.tests.NgoRegistrationTest - Password & Confirmation were written
2024-01-24 17:46:32.921 [main] INFO  ua.foxminded.skarb.tests.NgoRegistrationTest - Organization name was written: KKNO
2024-01-24 17:46:33.061 [main] INFO  ua.foxminded.skarb.tests.NgoRegistrationTest - 'Programming' category was chosen
2024-01-24 17:46:33.089 [main] INFO  ua.foxminded.skarb.tests.NgoRegistrationTest - Position: Engineer was written.
2024-01-24 17:46:34.044 [main] INFO  ua.foxminded.skarb.tests.NgoRegistrationTest - Sign Up button was clicked.
2024-01-24 17:46:34.045 [main] INFO  ua.foxminded.skarb.tests.NgoRegistrationTest - NGO registration form was filled in
2024-01-24 17:46:36.735 [main] INFO  ua.foxminded.skarb.tests.NgoRegistrationTest - Mail tab was open
2024-01-24 17:47:00.168 [main] INFO  ua.foxminded.skarb.tests.NgoRegistrationTest - Driver found registration confirmation email
2024-01-24 17:47:00.264 [main] INFO  ua.foxminded.skarb.tests.NgoRegistrationTest - Confirmation link was clicked
2024-01-24 17:47:01.451 [main] INFO  ua.foxminded.skarb.tests.NgoRegistrationTest - Your email was confirmed. Congratulation!
2024-01-24 17:47:02.194 [main] INFO  ua.foxminded.skarb.tests.NgoRegistrationTest - Log In tab was open
2024-01-24 17:47:02.240 [main] INFO  ua.foxminded.skarb.tests.NgoRegistrationTest - Login field 'Rlpb.Hzljf@example.com' email was used
2024-01-24 17:47:02.269 [main] INFO  ua.foxminded.skarb.tests.NgoRegistrationTest - Password field 'TEst@1234' password was used
2024-01-24 17:47:03.398 [main] INFO  ua.foxminded.skarb.tests.NgoRegistrationTest - Enter button was clicked.
2024-01-24 17:47:03.399 [main] INFO  ua.foxminded.skarb.tests.NgoRegistrationTest - Login button was clicked
2024-01-24 17:47:03.406 [main] INFO  ua.foxminded.skarb.tests.NgoRegistrationTest - User successfully log in!
2024-01-24 17:47:03.409 [main] INFO  ua.foxminded.skarb.tests.NgoRegistrationTest - Close driver
2024-01-24 19:07:33.345 [main] INFO  ua.foxminded.skarb.tests.NgoRegistrationTest - Create driver: Chrome
2024-01-24 19:07:33.819 [main] INFO  ua.foxminded.skarb.tests.NgoRegistrationTest - Starting register a NGO
2024-01-24 19:07:36.002 [main] INFO  ua.foxminded.skarb.tests.NgoRegistrationTest - NGO page was open
2024-01-24 19:07:36.153 [main] INFO  ua.foxminded.skarb.tests.NgoRegistrationTest - Email was written: Ffch.Eaacv@example.com
2024-01-24 19:07:36.180 [main] INFO  ua.foxminded.skarb.tests.NgoRegistrationTest - First name was written: Ffch
2024-01-24 19:07:36.205 [main] INFO  ua.foxminded.skarb.tests.NgoRegistrationTest - Last name was written: Eaacv
2024-01-24 19:07:36.230 [main] INFO  ua.foxminded.skarb.tests.NgoRegistrationTest - Sex:Male was chosen.
2024-01-24 19:07:36.284 [main] INFO  ua.foxminded.skarb.tests.NgoRegistrationTest - Password & Confirmation were written
2024-01-24 19:07:36.308 [main] INFO  ua.foxminded.skarb.tests.NgoRegistrationTest - Organization name was written: NQNG
2024-01-24 19:07:36.452 [main] INFO  ua.foxminded.skarb.tests.NgoRegistrationTest - 'Programming' category was chosen
2024-01-24 19:07:36.480 [main] INFO  ua.foxminded.skarb.tests.NgoRegistrationTest - Position: Product Manager was written.
2024-01-24 19:07:37.502 [main] INFO  ua.foxminded.skarb.tests.NgoRegistrationTest - Sign Up button was clicked.
2024-01-24 19:07:37.504 [main] INFO  ua.foxminded.skarb.tests.NgoRegistrationTest - NGO registration form was filled in
2024-01-24 19:07:40.059 [main] INFO  ua.foxminded.skarb.tests.NgoRegistrationTest - Mail tab was open
2024-01-24 19:08:00.159 [main] INFO  ua.foxminded.skarb.tests.NgoRegistrationTest - Driver found registration confirmation email
2024-01-24 19:08:00.402 [main] INFO  ua.foxminded.skarb.tests.NgoRegistrationTest - Confirmation link was clicked
2024-01-24 19:08:01.731 [main] INFO  ua.foxminded.skarb.tests.NgoRegistrationTest - Your email was confirmed. Congratulation!
2024-01-24 19:08:02.481 [main] INFO  ua.foxminded.skarb.tests.NgoRegistrationTest - Log In tab was open
2024-01-24 19:08:02.534 [main] INFO  ua.foxminded.skarb.tests.NgoRegistrationTest - Login field 'Ffch.Eaacv@example.com' email was used
2024-01-24 19:08:02.563 [main] INFO  ua.foxminded.skarb.tests.NgoRegistrationTest - Password field 'HJvb&3321' password was used
2024-01-24 19:08:03.761 [main] INFO  ua.foxminded.skarb.tests.NgoRegistrationTest - Enter button was clicked.
2024-01-24 19:08:03.763 [main] INFO  ua.foxminded.skarb.tests.NgoRegistrationTest - Login button was clicked
2024-01-24 19:08:03.767 [main] INFO  ua.foxminded.skarb.tests.NgoRegistrationTest - User successfully log in!
2024-01-24 19:08:03.774 [main] INFO  ua.foxminded.skarb.tests.NgoRegistrationTest - Close driver
