2024-01-19 17:58:38.751 [main] INFO  ua.foxminded.skarb.tests.DbTest.VolunteerDbRegistration - Create driver: Chrome
2024-01-19 17:58:39.219 [main] INFO  ua.foxminded.skarb.tests.DbTest.VolunteerDbRegistration - Starting register a Volunteer
2024-01-19 17:58:40.925 [main] INFO  ua.foxminded.skarb.tests.DbTest.VolunteerDbRegistration - Volunteer page was open
2024-01-19 17:58:41.099 [main] INFO  ua.foxminded.skarb.tests.DbTest.VolunteerDbRegistration - First name was written: Izmn
2024-01-19 17:58:41.144 [main] INFO  ua.foxminded.skarb.tests.DbTest.VolunteerDbRegistration - Last name was written: Onhew
2024-01-19 17:58:41.175 [main] INFO  ua.foxminded.skarb.tests.DbTest.VolunteerDbRegistration - Email was written: Izmn.Onhew@example.com
2024-01-19 17:58:41.240 [main] INFO  ua.foxminded.skarb.tests.DbTest.VolunteerDbRegistration - Password & Confirmation were written
2024-01-19 17:58:41.372 [main] INFO  ua.foxminded.skarb.tests.DbTest.VolunteerDbRegistration - 'Programming' category was chosen
2024-01-19 17:58:42.367 [main] INFO  ua.foxminded.skarb.tests.DbTest.VolunteerDbRegistration - Sign Up button was clicked.
2024-01-19 17:58:46.390 [main] INFO  ua.foxminded.skarb.tests.DbTest.VolunteerDbRegistration - Close driver
2024-01-19 18:08:38.755 [main] INFO  ua.foxminded.skarb.tests.DbTest.VolunteerDbRegistration - Create driver: Chrome
2024-01-19 18:08:39.232 [main] INFO  ua.foxminded.skarb.tests.DbTest.VolunteerDbRegistration - Starting register a Volunteer
2024-01-19 18:08:41.124 [main] INFO  ua.foxminded.skarb.tests.DbTest.VolunteerDbRegistration - Volunteer page was open
2024-01-19 18:08:41.293 [main] INFO  ua.foxminded.skarb.tests.DbTest.VolunteerDbRegistration - First name was written: Bolz
2024-01-19 18:08:41.336 [main] INFO  ua.foxminded.skarb.tests.DbTest.VolunteerDbRegistration - Last name was written: Gkirx
2024-01-19 18:08:41.370 [main] INFO  ua.foxminded.skarb.tests.DbTest.VolunteerDbRegistration - Email was written: Bolz.Gkirx@example.com
2024-01-19 18:08:41.429 [main] INFO  ua.foxminded.skarb.tests.DbTest.VolunteerDbRegistration - Password & Confirmation were written
2024-01-19 18:08:41.555 [main] INFO  ua.foxminded.skarb.tests.DbTest.VolunteerDbRegistration - 'Programming' category was chosen
2024-01-19 18:08:42.567 [main] INFO  ua.foxminded.skarb.tests.DbTest.VolunteerDbRegistration - Sign Up button was clicked.
2024-01-19 18:08:46.622 [main] INFO  ua.foxminded.skarb.tests.DbTest.VolunteerDbRegistration - Close driver
2024-01-19 18:19:24.574 [main] INFO  ua.foxminded.skarb.tests.DbTest.VolunteerDbRegistration - Create driver: Chrome
2024-01-19 18:19:24.990 [main] INFO  ua.foxminded.skarb.tests.DbTest.VolunteerDbRegistration - Starting register a Volunteer
2024-01-19 18:19:26.528 [main] INFO  ua.foxminded.skarb.tests.DbTest.VolunteerDbRegistration - Volunteer page was open
2024-01-19 18:19:26.710 [main] INFO  ua.foxminded.skarb.tests.DbTest.VolunteerDbRegistration - First name was written: Dwwk
2024-01-19 18:19:26.752 [main] INFO  ua.foxminded.skarb.tests.DbTest.VolunteerDbRegistration - Last name was written: Omqdi
2024-01-19 18:19:26.786 [main] INFO  ua.foxminded.skarb.tests.DbTest.VolunteerDbRegistration - Email was written: Dwwk.Omqdi@example.com
2024-01-19 18:19:26.840 [main] INFO  ua.foxminded.skarb.tests.DbTest.VolunteerDbRegistration - Password & Confirmation were written
2024-01-19 18:19:26.965 [main] INFO  ua.foxminded.skarb.tests.DbTest.VolunteerDbRegistration - 'Programming' category was chosen
2024-01-19 18:19:27.996 [main] INFO  ua.foxminded.skarb.tests.DbTest.VolunteerDbRegistration - Sign Up button was clicked.
2024-01-19 18:19:32.026 [main] INFO  ua.foxminded.skarb.tests.DbTest.VolunteerDbRegistration - Close driver
2024-01-19 18:24:56.750 [main] INFO  ua.foxminded.skarb.tests.DbTest.VolunteerDbRegistration - Create driver: Chrome
2024-01-19 18:24:57.241 [main] INFO  ua.foxminded.skarb.tests.DbTest.VolunteerDbRegistration - Starting register a Volunteer
2024-01-19 18:24:58.774 [main] INFO  ua.foxminded.skarb.tests.DbTest.VolunteerDbRegistration - Volunteer page was open
2024-01-19 18:24:58.908 [main] INFO  ua.foxminded.skarb.tests.DbTest.VolunteerDbRegistration - First name was written: Dtlk
2024-01-19 18:24:58.950 [main] INFO  ua.foxminded.skarb.tests.DbTest.VolunteerDbRegistration - Last name was written: Nyikw
2024-01-19 18:24:58.982 [main] INFO  ua.foxminded.skarb.tests.DbTest.VolunteerDbRegistration - Email was written: Dtlk.Nyikw@example.com
2024-01-19 18:24:59.053 [main] INFO  ua.foxminded.skarb.tests.DbTest.VolunteerDbRegistration - Password & Confirmation were written
2024-01-19 18:24:59.177 [main] INFO  ua.foxminded.skarb.tests.DbTest.VolunteerDbRegistration - 'Programming' category was chosen
2024-01-19 18:25:00.202 [main] INFO  ua.foxminded.skarb.tests.DbTest.VolunteerDbRegistration - Sign Up button was clicked.
2024-01-19 18:25:04.265 [main] INFO  ua.foxminded.skarb.tests.DbTest.VolunteerDbRegistration - Close driver
2024-01-19 18:37:30.173 [main] INFO  ua.foxminded.skarb.tests.DbTest.VolunteerDbRegistration - Create driver: Chrome
2024-01-19 18:37:30.637 [main] INFO  ua.foxminded.skarb.tests.DbTest.VolunteerDbRegistration - Starting register a Volunteer
2024-01-19 18:37:32.192 [main] INFO  ua.foxminded.skarb.tests.DbTest.VolunteerDbRegistration - Volunteer page was open
2024-01-19 18:37:32.346 [main] INFO  ua.foxminded.skarb.tests.DbTest.VolunteerDbRegistration - First name was written: Yetv
2024-01-19 18:37:32.388 [main] INFO  ua.foxminded.skarb.tests.DbTest.VolunteerDbRegistration - Last name was written: Jugfz
2024-01-19 18:37:32.419 [main] INFO  ua.foxminded.skarb.tests.DbTest.VolunteerDbRegistration - Email was written: Yetv.Jugfz@example.com
2024-01-19 18:37:32.477 [main] INFO  ua.foxminded.skarb.tests.DbTest.VolunteerDbRegistration - Password & Confirmation were written
2024-01-19 18:37:32.604 [main] INFO  ua.foxminded.skarb.tests.DbTest.VolunteerDbRegistration - 'Programming' category was chosen
2024-01-19 18:37:33.535 [main] INFO  ua.foxminded.skarb.tests.DbTest.VolunteerDbRegistration - Sign Up button was clicked.
2024-01-19 18:37:37.772 [main] INFO  ua.foxminded.skarb.tests.DbTest.VolunteerDbRegistration - Close driver
2024-01-19 18:40:27.565 [main] INFO  ua.foxminded.skarb.tests.DbTest.VolunteerDbRegistration - Create driver: Chrome
2024-01-19 18:40:28.037 [main] INFO  ua.foxminded.skarb.tests.DbTest.VolunteerDbRegistration - Starting register a Volunteer
2024-01-19 18:40:29.567 [main] INFO  ua.foxminded.skarb.tests.DbTest.VolunteerDbRegistration - Volunteer page was open
2024-01-19 18:40:29.691 [main] INFO  ua.foxminded.skarb.tests.DbTest.VolunteerDbRegistration - First name was written: Mokd
2024-01-19 18:40:29.731 [main] INFO  ua.foxminded.skarb.tests.DbTest.VolunteerDbRegistration - Last name was written: Yoxnn
2024-01-19 18:40:29.762 [main] INFO  ua.foxminded.skarb.tests.DbTest.VolunteerDbRegistration - Email was written: Mokd.Yoxnn@example.com
2024-01-19 18:40:29.831 [main] INFO  ua.foxminded.skarb.tests.DbTest.VolunteerDbRegistration - Password & Confirmation were written
2024-01-19 18:40:29.952 [main] INFO  ua.foxminded.skarb.tests.DbTest.VolunteerDbRegistration - 'Programming' category was chosen
2024-01-19 18:40:30.890 [main] INFO  ua.foxminded.skarb.tests.DbTest.VolunteerDbRegistration - Sign Up button was clicked.
2024-01-19 18:40:35.101 [main] INFO  ua.foxminded.skarb.tests.DbTest.VolunteerDbRegistration - Close driver
2024-01-19 19:10:38.427 [main] INFO  ua.foxminded.skarb.tests.DbTest.VolunteerDbRegistration - Create driver: Chrome
2024-01-19 19:10:38.931 [main] INFO  ua.foxminded.skarb.tests.DbTest.VolunteerDbRegistration - Starting register a Volunteer
2024-01-19 19:10:40.701 [main] INFO  ua.foxminded.skarb.tests.DbTest.VolunteerDbRegistration - Volunteer page was open
2024-01-19 19:10:40.872 [main] INFO  ua.foxminded.skarb.tests.DbTest.VolunteerDbRegistration - First name was written: Wzzq
2024-01-19 19:10:40.914 [main] INFO  ua.foxminded.skarb.tests.DbTest.VolunteerDbRegistration - Last name was written: Ndrar
2024-01-19 19:10:40.951 [main] INFO  ua.foxminded.skarb.tests.DbTest.VolunteerDbRegistration - Email was written: Wzzq.Ndrar@example.com
2024-01-19 19:10:41.011 [main] INFO  ua.foxminded.skarb.tests.DbTest.VolunteerDbRegistration - Password & Confirmation were written
2024-01-19 19:10:41.137 [main] INFO  ua.foxminded.skarb.tests.DbTest.VolunteerDbRegistration - 'Programming' category was chosen
2024-01-19 19:10:42.152 [main] INFO  ua.foxminded.skarb.tests.DbTest.VolunteerDbRegistration - Sign Up button was clicked.
2024-01-19 19:10:47.618 [main] INFO  ua.foxminded.skarb.tests.DbTest.VolunteerDbRegistration - Log In tab was open
2024-01-19 19:10:47.671 [main] INFO  ua.foxminded.skarb.tests.DbTest.VolunteerDbRegistration - Login field 'Wzzq.Ndrar@example.com' email was used
2024-01-19 19:10:47.701 [main] INFO  ua.foxminded.skarb.tests.DbTest.VolunteerDbRegistration - Password field 'LKgh$5674' password was used
2024-01-19 19:10:48.905 [main] INFO  ua.foxminded.skarb.tests.DbTest.VolunteerDbRegistration - Enter button was clicked.
2024-01-19 19:10:48.907 [main] INFO  ua.foxminded.skarb.tests.DbTest.VolunteerDbRegistration - Volunteer successfully login
2024-01-19 19:10:48.909 [main] INFO  ua.foxminded.skarb.tests.DbTest.VolunteerDbRegistration - Close driver
2024-01-19 19:14:33.617 [main] INFO  ua.foxminded.skarb.tests.DbTest.VolunteerDbRegistration - Create driver: Chrome
2024-01-19 19:14:34.087 [main] INFO  ua.foxminded.skarb.tests.DbTest.VolunteerDbRegistration - Starting register a Volunteer
2024-01-19 19:14:35.898 [main] INFO  ua.foxminded.skarb.tests.DbTest.VolunteerDbRegistration - Volunteer page was open
2024-01-19 19:14:36.039 [main] INFO  ua.foxminded.skarb.tests.DbTest.VolunteerDbRegistration - First name was written: Smbo
2024-01-19 19:14:36.079 [main] INFO  ua.foxminded.skarb.tests.DbTest.VolunteerDbRegistration - Last name was written: Conrf
2024-01-19 19:14:36.109 [main] INFO  ua.foxminded.skarb.tests.DbTest.VolunteerDbRegistration - Email was written: Smbo.Conrf@example.com
2024-01-19 19:14:36.172 [main] INFO  ua.foxminded.skarb.tests.DbTest.VolunteerDbRegistration - Password & Confirmation were written
2024-01-19 19:14:36.294 [main] INFO  ua.foxminded.skarb.tests.DbTest.VolunteerDbRegistration - 'Programming' category was chosen
2024-01-19 19:14:37.295 [main] INFO  ua.foxminded.skarb.tests.DbTest.VolunteerDbRegistration - Sign Up button was clicked.
2024-01-19 19:14:42.819 [main] INFO  ua.foxminded.skarb.tests.DbTest.VolunteerDbRegistration - Log In tab was open
2024-01-19 19:14:42.902 [main] INFO  ua.foxminded.skarb.tests.DbTest.VolunteerDbRegistration - Login field 'Smbo.Conrf@example.com' email was used
2024-01-19 19:14:42.931 [main] INFO  ua.foxminded.skarb.tests.DbTest.VolunteerDbRegistration - Password field 'OPop%7654' password was used
2024-01-19 19:14:44.319 [main] INFO  ua.foxminded.skarb.tests.DbTest.VolunteerDbRegistration - Enter button was clicked.
2024-01-19 19:14:44.320 [main] INFO  ua.foxminded.skarb.tests.DbTest.VolunteerDbRegistration - Volunteer clicked the login button
2024-01-19 19:14:44.324 [main] INFO  ua.foxminded.skarb.tests.DbTest.VolunteerDbRegistration - User successfully log in!
2024-01-19 19:14:44.327 [main] INFO  ua.foxminded.skarb.tests.DbTest.VolunteerDbRegistration - Close driver
2024-01-19 19:18:43.312 [main] INFO  ua.foxminded.skarb.tests.DbTest.VolunteerDbRegistration - Create driver: Chrome
2024-01-19 19:18:43.782 [main] INFO  ua.foxminded.skarb.tests.DbTest.VolunteerDbRegistration - Starting register a Volunteer
2024-01-19 19:18:45.384 [main] INFO  ua.foxminded.skarb.tests.DbTest.VolunteerDbRegistration - Volunteer page was open
2024-01-19 19:18:45.524 [main] INFO  ua.foxminded.skarb.tests.DbTest.VolunteerDbRegistration - First name was written: Wnlv
2024-01-19 19:18:45.565 [main] INFO  ua.foxminded.skarb.tests.DbTest.VolunteerDbRegistration - Last name was written: Ehkbz
2024-01-19 19:18:45.596 [main] INFO  ua.foxminded.skarb.tests.DbTest.VolunteerDbRegistration - Email was written: Wnlv.Ehkbz@example.com
2024-01-19 19:18:45.663 [main] INFO  ua.foxminded.skarb.tests.DbTest.VolunteerDbRegistration - Password & Confirmation were written
2024-01-19 19:18:45.821 [main] INFO  ua.foxminded.skarb.tests.DbTest.VolunteerDbRegistration - 'Programming' category was chosen
2024-01-19 19:18:46.776 [main] INFO  ua.foxminded.skarb.tests.DbTest.VolunteerDbRegistration - Sign Up button was clicked.
2024-01-19 19:18:51.001 [main] INFO  ua.foxminded.skarb.tests.DbTest.VolunteerDbRegistration - Email has been confirmed in the database and verified.
2024-01-19 19:18:52.251 [main] INFO  ua.foxminded.skarb.tests.DbTest.VolunteerDbRegistration - Log In tab was open
2024-01-19 19:18:52.308 [main] INFO  ua.foxminded.skarb.tests.DbTest.VolunteerDbRegistration - Login field 'Wnlv.Ehkbz@example.com' email was used
2024-01-19 19:18:52.337 [main] INFO  ua.foxminded.skarb.tests.DbTest.VolunteerDbRegistration - Password field 'NMzx!2234' password was used
2024-01-19 19:18:53.857 [main] INFO  ua.foxminded.skarb.tests.DbTest.VolunteerDbRegistration - Enter button was clicked.
2024-01-19 19:18:53.858 [main] INFO  ua.foxminded.skarb.tests.DbTest.VolunteerDbRegistration - Volunteer clicked the login button
2024-01-19 19:18:53.862 [main] INFO  ua.foxminded.skarb.tests.DbTest.VolunteerDbRegistration - User successfully log in!
2024-01-19 19:18:53.865 [main] INFO  ua.foxminded.skarb.tests.DbTest.VolunteerDbRegistration - Close driver
