2024-01-09 16:45:39.920 [main] INFO  ua.foxminded.skarb.tests.VolunteerRegistrationTest - Create driver: Chrome
2024-01-09 16:45:40.454 [main] INFO  ua.foxminded.skarb.tests.VolunteerRegistrationTest - Starting register a Volunteer
2024-01-09 16:45:42.687 [main] INFO  ua.foxminded.skarb.tests.VolunteerRegistrationTest - Volunteer page was open
2024-01-09 16:45:42.790 [main] INFO  ua.foxminded.skarb.tests.VolunteerRegistrationTest - Email was written: Umpn.Ouiqg@example.com
2024-01-09 16:45:42.839 [main] INFO  ua.foxminded.skarb.tests.VolunteerRegistrationTest - First name was written: Umpn
2024-01-09 16:45:42.886 [main] INFO  ua.foxminded.skarb.tests.VolunteerRegistrationTest - Last name was written: Ouiqg
2024-01-09 16:45:42.951 [main] INFO  ua.foxminded.skarb.tests.VolunteerRegistrationTest - Password & Confirmation were written
2024-01-09 16:45:43.084 [main] INFO  ua.foxminded.skarb.tests.VolunteerRegistrationTest - 'Programming' category was chosen
2024-01-09 16:45:43.182 [main] INFO  ua.foxminded.skarb.tests.VolunteerRegistrationTest - 'Programming' category was chosen
2024-01-09 16:45:44.489 [main] INFO  ua.foxminded.skarb.tests.VolunteerRegistrationTest - Sign Up button was clicked.
2024-01-09 16:45:44.523 [main] INFO  ua.foxminded.skarb.tests.VolunteerRegistrationTest - Close driver
2024-01-09 16:47:03.576 [main] INFO  ua.foxminded.skarb.tests.NgoRegistrationTest - Create driver: Chrome
2024-01-09 16:47:04.055 [main] INFO  ua.foxminded.skarb.tests.NgoRegistrationTest - Starting register a NGO
2024-01-09 16:47:06.082 [main] INFO  ua.foxminded.skarb.tests.NgoRegistrationTest - NGO page was open
2024-01-09 16:47:06.175 [main] INFO  ua.foxminded.skarb.tests.NgoRegistrationTest - Email was written: Ahud.Uwgmw@example.com
2024-01-09 16:47:06.206 [main] INFO  ua.foxminded.skarb.tests.NgoRegistrationTest - First name was written: Ahud
2024-01-09 16:47:06.236 [main] INFO  ua.foxminded.skarb.tests.NgoRegistrationTest - Last name was written: Uwgmw
2024-01-09 16:47:06.264 [main] INFO  ua.foxminded.skarb.tests.NgoRegistrationTest - Sex:Male was chosen.
2024-01-09 16:47:06.324 [main] INFO  ua.foxminded.skarb.tests.NgoRegistrationTest - Password & Confirmation were written
2024-01-09 16:47:06.353 [main] INFO  ua.foxminded.skarb.tests.NgoRegistrationTest - Organization name was written: MNCE
2024-01-09 16:47:06.497 [main] INFO  ua.foxminded.skarb.tests.NgoRegistrationTest - 'Programming' category was chosen
2024-01-09 16:47:06.528 [main] INFO  ua.foxminded.skarb.tests.NgoRegistrationTest - Position: Engineer was written.
2024-01-09 16:47:07.529 [main] INFO  ua.foxminded.skarb.tests.NgoRegistrationTest - Sign Up button was clicked.
2024-01-09 16:47:07.530 [main] INFO  ua.foxminded.skarb.tests.NgoRegistrationTest - NGO registration form was filled in
2024-01-09 16:47:10.663 [main] INFO  ua.foxminded.skarb.tests.NgoRegistrationTest - Mail tab was open
2024-01-09 16:48:00.316 [main] INFO  ua.foxminded.skarb.tests.NgoRegistrationTest - Driver found registration confirmation email
2024-01-09 16:48:00.360 [main] INFO  ua.foxminded.skarb.tests.NgoRegistrationTest - Confirmation link was clicked
2024-01-09 16:48:02.539 [main] INFO  ua.foxminded.skarb.tests.NgoRegistrationTest - Your email was confirmed. Congratulation!
2024-01-09 16:48:03.507 [main] INFO  ua.foxminded.skarb.tests.NgoRegistrationTest - Log In tab was open
2024-01-09 16:48:03.568 [main] INFO  ua.foxminded.skarb.tests.NgoRegistrationTest - Login field 'Ahud.Uwgmw@example.com' email was used
2024-01-09 16:48:03.600 [main] INFO  ua.foxminded.skarb.tests.NgoRegistrationTest - Password field 'LKgh$5674' password was used
2024-01-09 16:48:05.004 [main] INFO  ua.foxminded.skarb.tests.NgoRegistrationTest - Enter button was clicked.
2024-01-09 16:48:05.011 [main] INFO  ua.foxminded.skarb.tests.NgoRegistrationTest - User successfully log in!
2024-01-09 16:48:05.013 [main] INFO  ua.foxminded.skarb.tests.NgoRegistrationTest - Close driver
